[25/Apr/2015:15:38:10 -0500] ::1 TLSv1.2 ECDHE-RSA-AES128-GCM-SHA256 "GET / HTTP/1.1" 4836
[25/Apr/2015:15:38:10 -0500] ::1 TLSv1.2 ECDHE-RSA-AES128-GCM-SHA256 "GET /index.php?img=gifLogo HTTP/1.1" 4549
[25/Apr/2015:15:38:10 -0500] ::1 TLSv1.2 ECDHE-RSA-AES128-GCM-SHA256 "GET /index.php?img=pngPlugin HTTP/1.1" 548
[25/Apr/2015:15:38:10 -0500] ::1 TLSv1.2 ECDHE-RSA-AES128-GCM-SHA256 "GET /index.php?img=pngWrench HTTP/1.1" 741
[25/Apr/2015:15:38:10 -0500] ::1 TLSv1.2 ECDHE-RSA-AES128-GCM-SHA256 "GET /index.php?img=pngFolder HTTP/1.1" 850
[25/Apr/2015:15:38:10 -0500] ::1 TLSv1.2 ECDHE-RSA-AES128-GCM-SHA256 "GET /index.php?img=pngFolderGo HTTP/1.1" 694
[25/Apr/2015:15:38:10 -0500] ::1 TLSv1.2 ECDHE-RSA-AES128-GCM-SHA256 "GET /index.php?img=favicon HTTP/1.1" 1429
[25/Apr/2015:15:40:48 -0500] ::1 TLSv1.2 ECDHE-RSA-AES128-GCM-SHA256 "GET / HTTP/1.1" 4836
[25/Apr/2015:15:40:48 -0500] ::1 TLSv1.2 ECDHE-RSA-AES128-GCM-SHA256 "GET /index.php?img=gifLogo HTTP/1.1" 4549
[25/Apr/2015:15:40:48 -0500] ::1 TLSv1.2 ECDHE-RSA-AES128-GCM-SHA256 "GET /index.php?img=pngFolder HTTP/1.1" 850
[25/Apr/2015:15:40:48 -0500] ::1 TLSv1.2 ECDHE-RSA-AES128-GCM-SHA256 "GET /index.php?img=pngWrench HTTP/1.1" 741
[25/Apr/2015:15:40:48 -0500] ::1 TLSv1.2 ECDHE-RSA-AES128-GCM-SHA256 "GET /index.php?img=pngPlugin HTTP/1.1" 548
[25/Apr/2015:15:40:48 -0500] ::1 TLSv1.2 ECDHE-RSA-AES128-GCM-SHA256 "GET /index.php?img=pngFolderGo HTTP/1.1" 694
[25/Apr/2015:18:53:28 -0500] ::1 TLSv1.2 ECDHE-RSA-AES128-GCM-SHA256 "GET / HTTP/1.1" 4836
[25/Apr/2015:18:53:28 -0500] ::1 TLSv1.2 ECDHE-RSA-AES128-GCM-SHA256 "GET /index.php?img=gifLogo HTTP/1.1" 4549
[25/Apr/2015:18:53:28 -0500] ::1 TLSv1.2 ECDHE-RSA-AES128-GCM-SHA256 "GET /index.php?img=pngPlugin HTTP/1.1" 548
[25/Apr/2015:18:53:28 -0500] ::1 TLSv1.2 ECDHE-RSA-AES128-GCM-SHA256 "GET /index.php?img=pngFolderGo HTTP/1.1" 694
[25/Apr/2015:18:53:28 -0500] ::1 TLSv1.2 ECDHE-RSA-AES128-GCM-SHA256 "GET /index.php?img=pngFolder HTTP/1.1" 850
[25/Apr/2015:18:53:28 -0500] ::1 TLSv1.2 ECDHE-RSA-AES128-GCM-SHA256 "GET /index.php?img=pngWrench HTTP/1.1" 741
[25/Apr/2015:18:53:43 -0500] ::1 TLSv1.2 ECDHE-RSA-AES128-GCM-SHA256 "GET / HTTP/1.1" 4836
[25/Apr/2015:18:53:43 -0500] ::1 TLSv1.2 ECDHE-RSA-AES128-GCM-SHA256 "GET /index.php?img=gifLogo HTTP/1.1" 4549
[25/Apr/2015:18:53:43 -0500] ::1 TLSv1.2 ECDHE-RSA-AES128-GCM-SHA256 "GET /index.php?img=pngWrench HTTP/1.1" 741
[25/Apr/2015:18:53:43 -0500] ::1 TLSv1.2 ECDHE-RSA-AES128-GCM-SHA256 "GET /index.php?img=pngFolderGo HTTP/1.1" 694
[25/Apr/2015:18:53:43 -0500] ::1 TLSv1.2 ECDHE-RSA-AES128-GCM-SHA256 "GET /index.php?img=pngFolder HTTP/1.1" 850
[25/Apr/2015:18:53:43 -0500] ::1 TLSv1.2 ECDHE-RSA-AES128-GCM-SHA256 "GET /index.php?img=pngPlugin HTTP/1.1" 548
[25/Apr/2015:18:54:19 -0500] ::1 TLSv1.2 ECDHE-RSA-AES128-GCM-SHA256 "GET / HTTP/1.1" 4836
[25/Apr/2015:18:54:19 -0500] ::1 TLSv1.2 ECDHE-RSA-AES128-GCM-SHA256 "GET /index.php?img=gifLogo HTTP/1.1" 4549
[25/Apr/2015:18:54:19 -0500] ::1 TLSv1.2 ECDHE-RSA-AES128-GCM-SHA256 "GET /index.php?img=pngPlugin HTTP/1.1" 548
[25/Apr/2015:18:54:19 -0500] ::1 TLSv1.2 ECDHE-RSA-AES128-GCM-SHA256 "GET /index.php?img=pngWrench HTTP/1.1" 741
[25/Apr/2015:18:54:19 -0500] ::1 TLSv1.2 ECDHE-RSA-AES128-GCM-SHA256 "GET /index.php?img=pngFolder HTTP/1.1" 850
[25/Apr/2015:18:54:19 -0500] ::1 TLSv1.2 ECDHE-RSA-AES128-GCM-SHA256 "GET /index.php?img=pngFolderGo HTTP/1.1" 694
[25/Apr/2015:18:54:28 -0500] ::1 TLSv1.2 ECDHE-RSA-AES128-GCM-SHA256 "GET / HTTP/1.1" 4836
[25/Apr/2015:18:54:28 -0500] ::1 TLSv1.2 ECDHE-RSA-AES128-GCM-SHA256 "GET /index.php?img=gifLogo HTTP/1.1" 4549
[25/Apr/2015:18:54:28 -0500] ::1 TLSv1.2 ECDHE-RSA-AES128-GCM-SHA256 "GET /index.php?img=pngWrench HTTP/1.1" 741
[25/Apr/2015:18:54:28 -0500] ::1 TLSv1.2 ECDHE-RSA-AES128-GCM-SHA256 "GET /index.php?img=pngFolder HTTP/1.1" 850
[25/Apr/2015:18:54:28 -0500] ::1 TLSv1.2 ECDHE-RSA-AES128-GCM-SHA256 "GET /index.php?img=pngFolderGo HTTP/1.1" 694
[25/Apr/2015:18:54:28 -0500] ::1 TLSv1.2 ECDHE-RSA-AES128-GCM-SHA256 "GET /index.php?img=pngPlugin HTTP/1.1" 548
[25/Apr/2015:18:55:06 -0500] ::1 TLSv1.2 ECDHE-RSA-AES128-GCM-SHA256 "GET / HTTP/1.1" 4836
[25/Apr/2015:18:55:06 -0500] ::1 TLSv1.2 ECDHE-RSA-AES128-GCM-SHA256 "GET /index.php?img=gifLogo HTTP/1.1" 4549
[25/Apr/2015:18:55:07 -0500] ::1 TLSv1.2 ECDHE-RSA-AES128-GCM-SHA256 "GET /index.php?img=pngWrench HTTP/1.1" 741
[25/Apr/2015:18:55:07 -0500] ::1 TLSv1.2 ECDHE-RSA-AES128-GCM-SHA256 "GET /index.php?img=pngPlugin HTTP/1.1" 548
[25/Apr/2015:18:55:07 -0500] ::1 TLSv1.2 ECDHE-RSA-AES128-GCM-SHA256 "GET /index.php?img=pngFolderGo HTTP/1.1" 694
[25/Apr/2015:18:55:07 -0500] ::1 TLSv1.2 ECDHE-RSA-AES128-GCM-SHA256 "GET /index.php?img=pngFolder HTTP/1.1" 850
[25/Apr/2015:18:55:36 -0500] ::1 TLSv1.2 ECDHE-RSA-AES128-GCM-SHA256 "GET /register.php HTTP/1.1" 5783
[25/Apr/2015:18:55:36 -0500] ::1 TLSv1.2 ECDHE-RSA-AES128-GCM-SHA256 "GET /CSS/form.css HTTP/1.1" 310
[25/Apr/2015:18:55:36 -0500] ::1 TLSv1.2 ECDHE-RSA-AES128-GCM-SHA256 "GET /favicon.ico HTTP/1.1" 202575
[25/Apr/2015:18:59:17 -0500] ::1 TLSv1.2 ECDHE-RSA-AES128-GCM-SHA256 "GET / HTTP/1.1" 4836
[25/Apr/2015:18:59:17 -0500] ::1 TLSv1.2 ECDHE-RSA-AES128-GCM-SHA256 "GET /index.php?img=gifLogo HTTP/1.1" 4549
[25/Apr/2015:18:59:17 -0500] ::1 TLSv1.2 ECDHE-RSA-AES128-GCM-SHA256 "GET /index.php?img=pngPlugin HTTP/1.1" 548
[25/Apr/2015:18:59:17 -0500] ::1 TLSv1.2 ECDHE-RSA-AES128-GCM-SHA256 "GET /index.php?img=pngWrench HTTP/1.1" 741
[25/Apr/2015:18:59:17 -0500] ::1 TLSv1.2 ECDHE-RSA-AES128-GCM-SHA256 "GET /index.php?img=pngFolder HTTP/1.1" 850
[25/Apr/2015:18:59:17 -0500] ::1 TLSv1.2 ECDHE-RSA-AES128-GCM-SHA256 "GET /index.php?img=pngFolderGo HTTP/1.1" 694
[25/Apr/2015:19:00:54 -0500] ::1 TLSv1.2 ECDHE-RSA-AES128-GCM-SHA256 "GET / HTTP/1.1" 4836
[25/Apr/2015:19:00:54 -0500] ::1 TLSv1.2 ECDHE-RSA-AES128-GCM-SHA256 "GET /index.php?img=gifLogo HTTP/1.1" 4549
[25/Apr/2015:19:00:54 -0500] ::1 TLSv1.2 ECDHE-RSA-AES128-GCM-SHA256 "GET /index.php?img=pngPlugin HTTP/1.1" 548
[25/Apr/2015:19:00:54 -0500] ::1 TLSv1.2 ECDHE-RSA-AES128-GCM-SHA256 "GET /index.php?img=pngFolder HTTP/1.1" 850
[25/Apr/2015:19:00:54 -0500] ::1 TLSv1.2 ECDHE-RSA-AES128-GCM-SHA256 "GET /index.php?img=pngFolderGo HTTP/1.1" 694
[25/Apr/2015:19:00:54 -0500] ::1 TLSv1.2 ECDHE-RSA-AES128-GCM-SHA256 "GET /index.php?img=pngWrench HTTP/1.1" 741
[28/Apr/2015:01:08:30 -0500] ::1 TLSv1.2 ECDHE-RSA-AES128-GCM-SHA256 "GET / HTTP/1.1" 1891
[28/Apr/2015:01:08:30 -0500] ::1 TLSv1.2 ECDHE-RSA-AES128-GCM-SHA256 "GET /index.php?img=gifLogo HTTP/1.1" 4282
[28/Apr/2015:01:08:30 -0500] ::1 TLSv1.2 ECDHE-RSA-AES128-GCM-SHA256 "GET /index.php?img=pngFolder HTTP/1.1" 776
[28/Apr/2015:01:08:30 -0500] ::1 TLSv1.2 ECDHE-RSA-AES128-GCM-SHA256 "GET /index.php?img=pngFolderGo HTTP/1.1" 717
[28/Apr/2015:01:08:30 -0500] ::1 TLSv1.2 ECDHE-RSA-AES128-GCM-SHA256 "GET /index.php?img=pngWrench HTTP/1.1" 689
[28/Apr/2015:01:08:30 -0500] ::1 TLSv1.2 ECDHE-RSA-AES128-GCM-SHA256 "GET /index.php?img=pngPlugin HTTP/1.1" 563
[28/Apr/2015:01:08:30 -0500] ::1 TLSv1.2 ECDHE-RSA-AES128-GCM-SHA256 "GET /index.php?img=favicon HTTP/1.1" 1106
[28/Apr/2015:01:08:43 -0500] ::1 TLSv1.2 ECDHE-RSA-AES128-GCM-SHA256 "GET / HTTP/1.1" 1891
[28/Apr/2015:01:08:45 -0500] ::1 TLSv1.2 ECDHE-RSA-AES128-GCM-SHA256 "GET /?phpinfo=1 HTTP/1.1" 22474
[28/Apr/2015:01:08:46 -0500] ::1 TLSv1.2 ECDHE-RSA-AES128-GCM-SHA256 "GET /favicon.ico HTTP/1.1" 202575
[28/Apr/2015:01:11:01 -0500] ::1 TLSv1.2 ECDHE-RSA-AES128-GCM-SHA256 "GET / HTTP/1.1" 1891
[28/Apr/2015:01:11:01 -0500] ::1 TLSv1.2 ECDHE-RSA-AES128-GCM-SHA256 "GET /index.php?img=gifLogo HTTP/1.1" 4282
[28/Apr/2015:01:11:01 -0500] ::1 TLSv1.2 ECDHE-RSA-AES128-GCM-SHA256 "GET /index.php?img=pngPlugin HTTP/1.1" 563
[28/Apr/2015:01:11:01 -0500] ::1 TLSv1.2 ECDHE-RSA-AES128-GCM-SHA256 "GET /index.php?img=pngWrench HTTP/1.1" 689
[28/Apr/2015:01:11:02 -0500] ::1 TLSv1.2 ECDHE-RSA-AES128-GCM-SHA256 "GET /index.php?img=pngFolder HTTP/1.1" 776
[28/Apr/2015:01:11:02 -0500] ::1 TLSv1.2 ECDHE-RSA-AES128-GCM-SHA256 "GET /index.php?img=pngFolderGo HTTP/1.1" 717
[28/Apr/2015:01:11:09 -0500] ::1 TLSv1.2 ECDHE-RSA-AES128-GCM-SHA256 "GET /?phpinfo=1 HTTP/1.1" 22465
[28/Apr/2015:01:14:22 -0500] ::1 TLSv1.2 ECDHE-RSA-AES128-GCM-SHA256 "GET / HTTP/1.1" 1891
[28/Apr/2015:01:14:22 -0500] ::1 TLSv1.2 ECDHE-RSA-AES128-GCM-SHA256 "GET /index.php?img=gifLogo HTTP/1.1" 4282
[28/Apr/2015:01:14:23 -0500] ::1 TLSv1.2 ECDHE-RSA-AES128-GCM-SHA256 "GET /index.php?img=pngPlugin HTTP/1.1" 563
[28/Apr/2015:01:14:23 -0500] ::1 TLSv1.2 ECDHE-RSA-AES128-GCM-SHA256 "GET /index.php?img=pngWrench HTTP/1.1" 689
[28/Apr/2015:01:14:23 -0500] ::1 TLSv1.2 ECDHE-RSA-AES128-GCM-SHA256 "GET /index.php?img=pngFolder HTTP/1.1" 776
[28/Apr/2015:01:14:23 -0500] ::1 TLSv1.2 ECDHE-RSA-AES128-GCM-SHA256 "GET /index.php?img=pngFolderGo HTTP/1.1" 717
[28/Apr/2015:01:14:29 -0500] ::1 TLSv1.2 ECDHE-RSA-AES128-GCM-SHA256 "GET /?phpinfo=1 HTTP/1.1" 22465
[28/Apr/2015:01:19:12 -0500] ::1 TLSv1.2 ECDHE-RSA-AES128-GCM-SHA256 "GET / HTTP/1.1" 1898
[28/Apr/2015:01:19:12 -0500] ::1 TLSv1.2 ECDHE-RSA-AES128-GCM-SHA256 "GET /index.php?img=gifLogo HTTP/1.1" 4282
[28/Apr/2015:01:19:12 -0500] ::1 TLSv1.2 ECDHE-RSA-AES128-GCM-SHA256 "GET /index.php?img=pngPlugin HTTP/1.1" 563
[28/Apr/2015:01:19:12 -0500] ::1 TLSv1.2 ECDHE-RSA-AES128-GCM-SHA256 "GET /index.php?img=pngWrench HTTP/1.1" 689
[28/Apr/2015:01:19:12 -0500] ::1 TLSv1.2 ECDHE-RSA-AES128-GCM-SHA256 "GET /index.php?img=pngFolder HTTP/1.1" 776
[28/Apr/2015:01:19:12 -0500] ::1 TLSv1.2 ECDHE-RSA-AES128-GCM-SHA256 "GET /index.php?img=pngFolderGo HTTP/1.1" 717
[28/Apr/2015:01:19:19 -0500] ::1 TLSv1.2 ECDHE-RSA-AES128-GCM-SHA256 "GET /?phpinfo=1 HTTP/1.1" 22691
[28/Apr/2015:01:23:47 -0500] ::1 TLSv1.2 ECDHE-RSA-AES128-GCM-SHA256 "GET / HTTP/1.1" 1898
[28/Apr/2015:01:23:55 -0500] ::1 TLSv1.2 ECDHE-RSA-AES128-GCM-SHA256 "GET / HTTP/1.1" 1898
[28/Apr/2015:01:23:55 -0500] ::1 TLSv1.2 ECDHE-RSA-AES128-GCM-SHA256 "GET /index.php?img=gifLogo HTTP/1.1" 4282
[28/Apr/2015:01:23:55 -0500] ::1 TLSv1.2 ECDHE-RSA-AES128-GCM-SHA256 "GET /index.php?img=pngPlugin HTTP/1.1" 563
[28/Apr/2015:01:23:55 -0500] ::1 TLSv1.2 ECDHE-RSA-AES128-GCM-SHA256 "GET /index.php?img=pngWrench HTTP/1.1" 689
[28/Apr/2015:01:23:55 -0500] ::1 TLSv1.2 ECDHE-RSA-AES128-GCM-SHA256 "GET /index.php?img=pngFolder HTTP/1.1" 776
[28/Apr/2015:01:23:55 -0500] ::1 TLSv1.2 ECDHE-RSA-AES128-GCM-SHA256 "GET /index.php?img=pngFolderGo HTTP/1.1" 717
[28/Apr/2015:01:24:05 -0500] ::1 TLSv1.2 ECDHE-RSA-AES128-GCM-SHA256 "GET /cart/style/style.css HTTP/1.1" 1035
[28/Apr/2015:01:24:05 -0500] ::1 TLSv1.2 ECDHE-RSA-AES128-GCM-SHA256 "GET /cart/js/jquery-1.11.2.min.js HTTP/1.1" 33282
[28/Apr/2015:01:24:05 -0500] ::1 TLSv1.2 ECDHE-RSA-AES128-GCM-SHA256 "GET /cart/shopping_cart_test.php HTTP/1.1" 1221795
[28/Apr/2015:01:24:05 -0500] ::1 TLSv1.2 ECDHE-RSA-AES128-GCM-SHA256 "GET /cart/images/cart-icon.png HTTP/1.1" 1136
[28/Apr/2015:01:26:10 -0500] ::1 TLSv1.2 ECDHE-RSA-AES128-GCM-SHA256 "GET /cart/images/ajax-loader.gif HTTP/1.1" 673
[28/Apr/2015:01:26:10 -0500] ::1 TLSv1.2 ECDHE-RSA-AES128-GCM-SHA256 "POST /cart/cart_process.php HTTP/1.1" 18
[28/Apr/2015:01:26:12 -0500] ::1 TLSv1.2 ECDHE-RSA-AES128-GCM-SHA256 "POST /cart/cart_process.php HTTP/1.1" 11
[28/Apr/2015:01:26:14 -0500] ::1 TLSv1.2 ECDHE-RSA-AES128-GCM-SHA256 "POST /cart/cart_process.php HTTP/1.1" 209
[28/Apr/2015:01:26:15 -0500] ::1 TLSv1.2 ECDHE-RSA-AES128-GCM-SHA256 "GET /cart/view_cart.php HTTP/1.1" 685
[28/Apr/2015:01:26:15 -0500] ::1 TLSv1.2 ECDHE-RSA-AES128-GCM-SHA256 "GET /cart/images/view1.png HTTP/1.1" 55896
[28/Apr/2015:01:36:56 -0500] ::1 TLSv1.2 ECDHE-RSA-AES128-GCM-SHA256 "GET /cart/style/style.css HTTP/1.1" 1035
[28/Apr/2015:01:36:56 -0500] ::1 TLSv1.2 ECDHE-RSA-AES128-GCM-SHA256 "GET /cart/shopping_cart_test.php HTTP/1.1" 1221795
[28/Apr/2015:01:36:56 -0500] ::1 TLSv1.2 ECDHE-RSA-AES128-GCM-SHA256 "GET /cart/js/jquery-1.11.2.min.js HTTP/1.1" 33282
[28/Apr/2015:01:36:57 -0500] ::1 TLSv1.2 ECDHE-RSA-AES128-GCM-SHA256 "GET /cart/images/cart-icon.png HTTP/1.1" 1136
[28/Apr/2015:01:37:03 -0500] ::1 TLSv1.2 ECDHE-RSA-AES128-GCM-SHA256 "GET /cart/style/style.css HTTP/1.1" 1035
[28/Apr/2015:01:37:03 -0500] ::1 TLSv1.2 ECDHE-RSA-AES128-GCM-SHA256 "GET /cart/js/jquery-1.11.2.min.js HTTP/1.1" 33282
[28/Apr/2015:01:37:03 -0500] ::1 TLSv1.2 ECDHE-RSA-AES128-GCM-SHA256 "GET /cart/images/cart-icon.png HTTP/1.1" -
[28/Apr/2015:01:37:03 -0500] ::1 TLSv1.2 ECDHE-RSA-AES128-GCM-SHA256 "GET /cart/shopping_cart_test.php HTTP/1.1" 1221795
[28/Apr/2015:01:37:03 -0500] ::1 TLSv1.2 ECDHE-RSA-AES128-GCM-SHA256 "GET /favicon.ico HTTP/1.1" 202575
[28/Apr/2015:01:37:04 -0500] ::1 TLSv1.2 ECDHE-RSA-AES128-GCM-SHA256 "GET /cart/style/style.css HTTP/1.1" 1035
[28/Apr/2015:01:37:04 -0500] ::1 TLSv1.2 ECDHE-RSA-AES128-GCM-SHA256 "GET /cart/js/jquery-1.11.2.min.js HTTP/1.1" 33282
[28/Apr/2015:01:37:04 -0500] ::1 TLSv1.2 ECDHE-RSA-AES128-GCM-SHA256 "GET /cart/images/cart-icon.png HTTP/1.1" -
[28/Apr/2015:01:37:04 -0500] ::1 TLSv1.2 ECDHE-RSA-AES128-GCM-SHA256 "GET /cart/shopping_cart_test.php HTTP/1.1" 1221795
[28/Apr/2015:01:37:04 -0500] ::1 TLSv1.2 ECDHE-RSA-AES128-GCM-SHA256 "GET /favicon.ico HTTP/1.1" 202575
[28/Apr/2015:01:37:07 -0500] ::1 TLSv1.2 ECDHE-RSA-AES128-GCM-SHA256 "POST /cart/cart_process.php HTTP/1.1" 11
[28/Apr/2015:01:37:14 -0500] ::1 TLSv1.2 ECDHE-RSA-AES128-GCM-SHA256 "GET /cart/images/ajax-loader.gif HTTP/1.1" 673
[28/Apr/2015:01:37:14 -0500] ::1 TLSv1.2 ECDHE-RSA-AES128-GCM-SHA256 "POST /cart/cart_process.php HTTP/1.1" 228
[28/Apr/2015:01:37:16 -0500] ::1 TLSv1.2 ECDHE-RSA-AES128-GCM-SHA256 "GET /cart/view_cart_1.php HTTP/1.1" 302
[28/Apr/2015:01:38:21 -0500] ::1 TLSv1.2 ECDHE-RSA-AES128-GCM-SHA256 "GET /cart/view_cart_1.php HTTP/1.1" 301
[28/Apr/2015:01:38:21 -0500] ::1 TLSv1.2 ECDHE-RSA-AES128-GCM-SHA256 "GET /favicon.ico HTTP/1.1" 202575
[28/Apr/2015:01:38:22 -0500] ::1 TLSv1.2 ECDHE-RSA-AES128-GCM-SHA256 "GET /cart/view_cart_1.php HTTP/1.1" 301
[28/Apr/2015:01:38:22 -0500] ::1 TLSv1.2 ECDHE-RSA-AES128-GCM-SHA256 "GET /favicon.ico HTTP/1.1" 202575
[28/Apr/2015:01:38:24 -0500] ::1 TLSv1.2 ECDHE-RSA-AES128-GCM-SHA256 "GET /cart/shopping_cart_test.php HTTP/1.1" 1221795
[28/Apr/2015:01:38:26 -0500] ::1 TLSv1.2 ECDHE-RSA-AES128-GCM-SHA256 "POST /cart/cart_process.php HTTP/1.1" 228
[28/Apr/2015:01:38:29 -0500] ::1 TLSv1.2 ECDHE-RSA-AES128-GCM-SHA256 "GET /cart/cart_process.php?remove_code=12 HTTP/1.1" 11
[28/Apr/2015:01:38:29 -0500] ::1 TLSv1.2 ECDHE-RSA-AES128-GCM-SHA256 "POST /cart/cart_process.php HTTP/1.1" 211
[28/Apr/2015:01:38:30 -0500] ::1 TLSv1.2 ECDHE-RSA-AES128-GCM-SHA256 "GET /cart/cart_process.php?remove_code=11 HTTP/1.1" 11
[28/Apr/2015:01:38:30 -0500] ::1 TLSv1.2 ECDHE-RSA-AES128-GCM-SHA256 "POST /cart/cart_process.php HTTP/1.1" 18
[28/Apr/2015:01:38:32 -0500] ::1 TLSv1.2 ECDHE-RSA-AES128-GCM-SHA256 "GET /cart/style/style.css HTTP/1.1" 1035
[28/Apr/2015:01:38:32 -0500] ::1 TLSv1.2 ECDHE-RSA-AES128-GCM-SHA256 "GET /cart/js/jquery-1.11.2.min.js HTTP/1.1" 33282
[28/Apr/2015:01:38:32 -0500] ::1 TLSv1.2 ECDHE-RSA-AES128-GCM-SHA256 "GET /cart/images/cart-icon.png HTTP/1.1" -
[28/Apr/2015:01:38:32 -0500] ::1 TLSv1.2 ECDHE-RSA-AES128-GCM-SHA256 "GET /cart/shopping_cart_test.php HTTP/1.1" 1221795
[28/Apr/2015:01:38:32 -0500] ::1 TLSv1.2 ECDHE-RSA-AES128-GCM-SHA256 "GET /favicon.ico HTTP/1.1" 202575
[28/Apr/2015:01:38:33 -0500] ::1 TLSv1.2 ECDHE-RSA-AES128-GCM-SHA256 "GET /cart/style/style.css HTTP/1.1" 1035
[28/Apr/2015:01:38:33 -0500] ::1 TLSv1.2 ECDHE-RSA-AES128-GCM-SHA256 "GET /cart/js/jquery-1.11.2.min.js HTTP/1.1" 33282
[28/Apr/2015:01:38:33 -0500] ::1 TLSv1.2 ECDHE-RSA-AES128-GCM-SHA256 "GET /cart/images/cart-icon.png HTTP/1.1" -
[28/Apr/2015:01:38:33 -0500] ::1 TLSv1.2 ECDHE-RSA-AES128-GCM-SHA256 "GET /cart/shopping_cart_test.php HTTP/1.1" 1221795
[28/Apr/2015:01:38:33 -0500] ::1 TLSv1.2 ECDHE-RSA-AES128-GCM-SHA256 "GET /favicon.ico HTTP/1.1" 202575
[28/Apr/2015:01:38:35 -0500] ::1 TLSv1.2 ECDHE-RSA-AES128-GCM-SHA256 "POST /cart/cart_process.php HTTP/1.1" 11
[28/Apr/2015:01:38:37 -0500] ::1 TLSv1.2 ECDHE-RSA-AES128-GCM-SHA256 "POST /cart/cart_process.php HTTP/1.1" 211
[28/Apr/2015:01:38:38 -0500] ::1 TLSv1.2 ECDHE-RSA-AES128-GCM-SHA256 "GET /cart/view_cart_1.php HTTP/1.1" 301
[28/Apr/2015:01:39:28 -0500] ::1 TLSv1.2 ECDHE-RSA-AES128-GCM-SHA256 "GET /cart/shopping_cart_test.php HTTP/1.1" 1221795
[28/Apr/2015:01:39:53 -0500] ::1 TLSv1.2 ECDHE-RSA-AES128-GCM-SHA256 "GET /shopping_cart_test.php HTTP/1.1" 320
[28/Apr/2015:01:40:08 -0500] ::1 TLSv1.2 ECDHE-RSA-AES128-GCM-SHA256 "GET /shopping_cart_test.php HTTP/1.1" 320
[28/Apr/2015:01:40:17 -0500] ::1 TLSv1.2 ECDHE-RSA-AES128-GCM-SHA256 "GET / HTTP/1.1" 1898
[28/Apr/2015:01:40:17 -0500] ::1 TLSv1.2 ECDHE-RSA-AES128-GCM-SHA256 "GET /index.php?img=gifLogo HTTP/1.1" 4282
[28/Apr/2015:01:40:17 -0500] ::1 TLSv1.2 ECDHE-RSA-AES128-GCM-SHA256 "GET /index.php?img=pngPlugin HTTP/1.1" 563
[28/Apr/2015:01:40:17 -0500] ::1 TLSv1.2 ECDHE-RSA-AES128-GCM-SHA256 "GET /index.php?img=pngFolder HTTP/1.1" 776
[28/Apr/2015:01:40:17 -0500] ::1 TLSv1.2 ECDHE-RSA-AES128-GCM-SHA256 "GET /index.php?img=pngWrench HTTP/1.1" 689
[28/Apr/2015:01:40:17 -0500] ::1 TLSv1.2 ECDHE-RSA-AES128-GCM-SHA256 "GET /index.php?img=pngFolderGo HTTP/1.1" 717
[28/Apr/2015:01:40:40 -0500] ::1 TLSv1.2 ECDHE-RSA-AES128-GCM-SHA256 "GET /cart/style/style.css HTTP/1.1" 1035
[28/Apr/2015:01:40:40 -0500] ::1 TLSv1.2 ECDHE-RSA-AES128-GCM-SHA256 "GET /cart/js/jquery-1.11.2.min.js HTTP/1.1" 33282
[28/Apr/2015:01:40:41 -0500] ::1 TLSv1.2 ECDHE-RSA-AES128-GCM-SHA256 "GET /cart/images/cart-icon.png HTTP/1.1" 1136
[28/Apr/2015:01:40:40 -0500] ::1 TLSv1.2 ECDHE-RSA-AES128-GCM-SHA256 "GET /cart/shopping_cart_test.php HTTP/1.1" 1221795
[28/Apr/2015:01:40:45 -0500] ::1 TLSv1.2 ECDHE-RSA-AES128-GCM-SHA256 "POST /cart/cart_process.php HTTP/1.1" 11
[28/Apr/2015:01:40:47 -0500] ::1 TLSv1.2 ECDHE-RSA-AES128-GCM-SHA256 "GET /cart/images/ajax-loader.gif HTTP/1.1" 673
[28/Apr/2015:01:40:47 -0500] ::1 TLSv1.2 ECDHE-RSA-AES128-GCM-SHA256 "POST /cart/cart_process.php HTTP/1.1" 211
[28/Apr/2015:01:40:49 -0500] ::1 TLSv1.2 ECDHE-RSA-AES128-GCM-SHA256 "GET /cart/view_cart_1.php HTTP/1.1" 301
[28/Apr/2015:01:41:52 -0500] ::1 TLSv1.2 ECDHE-RSA-AES128-GCM-SHA256 "GET /cart/style/style.css HTTP/1.1" 1035
[28/Apr/2015:01:41:52 -0500] ::1 TLSv1.2 ECDHE-RSA-AES128-GCM-SHA256 "GET /cart/js/jquery-1.11.2.min.js HTTP/1.1" 33282
[28/Apr/2015:01:41:52 -0500] ::1 TLSv1.2 ECDHE-RSA-AES128-GCM-SHA256 "GET /cart/images/cart-icon.png HTTP/1.1" 1136
[28/Apr/2015:01:41:52 -0500] ::1 TLSv1.2 ECDHE-RSA-AES128-GCM-SHA256 "GET /cart/shopping_cart_test.php HTTP/1.1" 1221795
[28/Apr/2015:01:42:00 -0500] ::1 TLSv1.2 ECDHE-RSA-AES128-GCM-SHA256 "GET /cart/images/ajax-loader.gif HTTP/1.1" 673
[28/Apr/2015:01:42:00 -0500] ::1 TLSv1.2 ECDHE-RSA-AES128-GCM-SHA256 "POST /cart/cart_process.php HTTP/1.1" 211
[28/Apr/2015:01:42:04 -0500] ::1 TLSv1.2 ECDHE-RSA-AES128-GCM-SHA256 "POST /cart/cart_process.php HTTP/1.1" 11
[28/Apr/2015:01:42:06 -0500] ::1 TLSv1.2 ECDHE-RSA-AES128-GCM-SHA256 "POST /cart/cart_process.php HTTP/1.1" 228
[28/Apr/2015:01:42:09 -0500] ::1 TLSv1.2 ECDHE-RSA-AES128-GCM-SHA256 "GET /cart/view_cart_1.php HTTP/1.1" 1213
[28/Apr/2015:01:42:09 -0500] ::1 TLSv1.2 ECDHE-RSA-AES128-GCM-SHA256 "GET /cart/images/view1.png HTTP/1.1" 55896
[28/Apr/2015:02:11:18 -0500] ::1 TLSv1.2 ECDHE-RSA-AES128-GCM-SHA256 "GET /cart/style/style.css HTTP/1.1" 1035
[28/Apr/2015:02:11:18 -0500] ::1 TLSv1.2 ECDHE-RSA-AES128-GCM-SHA256 "GET /cart/shopping_cart_test.php HTTP/1.1" 1221795
[28/Apr/2015:02:11:18 -0500] ::1 TLSv1.2 ECDHE-RSA-AES128-GCM-SHA256 "GET /cart/js/jquery-1.11.2.min.js HTTP/1.1" 33282
[28/Apr/2015:02:11:19 -0500] ::1 TLSv1.2 ECDHE-RSA-AES128-GCM-SHA256 "GET /cart/images/cart-icon.png HTTP/1.1" 1136
[28/Apr/2015:02:11:22 -0500] ::1 TLSv1.2 ECDHE-RSA-AES128-GCM-SHA256 "POST /cart/cart_process.php HTTP/1.1" 11
[28/Apr/2015:02:12:23 -0500] ::1 TLSv1.2 ECDHE-RSA-AES128-GCM-SHA256 "GET /cart/images/ajax-loader.gif HTTP/1.1" 673
[28/Apr/2015:02:12:23 -0500] ::1 TLSv1.2 ECDHE-RSA-AES128-GCM-SHA256 "POST /cart/cart_process.php HTTP/1.1" 228
[28/Apr/2015:02:12:25 -0500] ::1 TLSv1.2 ECDHE-RSA-AES128-GCM-SHA256 "GET /cart/view_cart_1.php HTTP/1.1" 1213
[28/Apr/2015:02:12:25 -0500] ::1 TLSv1.2 ECDHE-RSA-AES128-GCM-SHA256 "GET /cart/images/view1.png HTTP/1.1" 55896
[28/Apr/2015:02:13:21 -0500] ::1 TLSv1.2 ECDHE-RSA-AES128-GCM-SHA256 "GET /cart/js/jquery-1.11.2.min.js HTTP/1.1" 33282
[28/Apr/2015:02:13:21 -0500] ::1 TLSv1.2 ECDHE-RSA-AES128-GCM-SHA256 "GET /cart/shopping_cart_test.php HTTP/1.1" 1221795
[28/Apr/2015:02:13:43 -0500] ::1 TLSv1.2 ECDHE-RSA-AES128-GCM-SHA256 "GET /cart/style/style.css HTTP/1.1" 1035
[28/Apr/2015:02:13:43 -0500] ::1 TLSv1.2 ECDHE-RSA-AES128-GCM-SHA256 "GET /cart/js/jquery-1.11.2.min.js HTTP/1.1" 33282
[28/Apr/2015:02:13:43 -0500] ::1 TLSv1.2 ECDHE-RSA-AES128-GCM-SHA256 "GET /cart/images/cart-icon.png HTTP/1.1" 1136
[28/Apr/2015:02:13:43 -0500] ::1 TLSv1.2 ECDHE-RSA-AES128-GCM-SHA256 "GET /cart/shopping_cart_test.php HTTP/1.1" 1221795
[28/Apr/2015:02:13:47 -0500] ::1 TLSv1.2 ECDHE-RSA-AES128-GCM-SHA256 "GET /cart/style/style.css HTTP/1.1" 1035
[28/Apr/2015:02:13:47 -0500] ::1 TLSv1.2 ECDHE-RSA-AES128-GCM-SHA256 "GET /cart/js/jquery-1.11.2.min.js HTTP/1.1" 33282
[28/Apr/2015:02:13:48 -0500] ::1 TLSv1.2 ECDHE-RSA-AES128-GCM-SHA256 "GET /cart/images/cart-icon.png HTTP/1.1" -
[28/Apr/2015:02:13:47 -0500] ::1 TLSv1.2 ECDHE-RSA-AES128-GCM-SHA256 "GET /cart/shopping_cart_test.php HTTP/1.1" 1221795
[28/Apr/2015:02:13:48 -0500] ::1 TLSv1.2 ECDHE-RSA-AES128-GCM-SHA256 "GET /favicon.ico HTTP/1.1" 202575
[28/Apr/2015:02:13:49 -0500] ::1 TLSv1.2 ECDHE-RSA-AES128-GCM-SHA256 "GET /cart/style/style.css HTTP/1.1" 1035
[28/Apr/2015:02:13:49 -0500] ::1 TLSv1.2 ECDHE-RSA-AES128-GCM-SHA256 "GET /cart/js/jquery-1.11.2.min.js HTTP/1.1" 33282
[28/Apr/2015:02:13:49 -0500] ::1 TLSv1.2 ECDHE-RSA-AES128-GCM-SHA256 "GET /cart/images/cart-icon.png HTTP/1.1" -
[28/Apr/2015:02:13:49 -0500] ::1 TLSv1.2 ECDHE-RSA-AES128-GCM-SHA256 "GET /cart/shopping_cart_test.php HTTP/1.1" 1221795
[28/Apr/2015:02:13:49 -0500] ::1 TLSv1.2 ECDHE-RSA-AES128-GCM-SHA256 "GET /favicon.ico HTTP/1.1" 202575
[28/Apr/2015:02:13:51 -0500] ::1 TLSv1.2 ECDHE-RSA-AES128-GCM-SHA256 "GET /cart/images/ajax-loader.gif HTTP/1.1" 673
[28/Apr/2015:02:13:51 -0500] ::1 TLSv1.2 ECDHE-RSA-AES128-GCM-SHA256 "POST /cart/cart_process.php HTTP/1.1" 228
[28/Apr/2015:02:13:52 -0500] ::1 TLSv1.2 ECDHE-RSA-AES128-GCM-SHA256 "GET /cart/view_cart_1.php HTTP/1.1" 704
[28/Apr/2015:02:13:52 -0500] ::1 TLSv1.2 ECDHE-RSA-AES128-GCM-SHA256 "GET /cart/images/view1.png HTTP/1.1" 55896
[28/Apr/2015:02:14:20 -0500] ::1 TLSv1.2 ECDHE-RSA-AES128-GCM-SHA256 "GET /cart/style/style.css HTTP/1.1" 1035
[28/Apr/2015:02:14:20 -0500] ::1 TLSv1.2 ECDHE-RSA-AES128-GCM-SHA256 "GET /cart/js/jquery-1.11.2.min.js HTTP/1.1" 33282
[28/Apr/2015:02:14:20 -0500] ::1 TLSv1.2 ECDHE-RSA-AES128-GCM-SHA256 "GET /cart/shopping_cart_test.php HTTP/1.1" 1221795
[28/Apr/2015:02:14:21 -0500] ::1 TLSv1.2 ECDHE-RSA-AES128-GCM-SHA256 "GET /cart/images/cart-icon.png HTTP/1.1" 1136
[28/Apr/2015:02:14:45 -0500] ::1 TLSv1.2 ECDHE-RSA-AES128-GCM-SHA256 "GET /cart/search1_cached.php HTTP/1.1" 251
[28/Apr/2015:02:15:01 -0500] ::1 TLSv1.2 ECDHE-RSA-AES128-GCM-SHA256 "POST /cart/search1_cached.php HTTP/1.1" 754
[28/Apr/2015:02:20:48 -0500] ::1 TLSv1.2 ECDHE-RSA-AES128-GCM-SHA256 "GET /cart/shopping_cart_test.php HTTP/1.1" 1221795
[28/Apr/2015:02:20:50 -0500] ::1 TLSv1.2 ECDHE-RSA-AES128-GCM-SHA256 "POST /cart/cart_process.php HTTP/1.1" 228
[28/Apr/2015:02:20:52 -0500] ::1 TLSv1.2 ECDHE-RSA-AES128-GCM-SHA256 "GET /cart/view_cart_1.php HTTP/1.1" 704
[28/Apr/2015:02:20:59 -0500] ::1 TLSv1.2 ECDHE-RSA-AES128-GCM-SHA256 "POST /cart/search1_cached.php HTTP/1.1" 755
[28/Apr/2015:02:20:59 -0500] ::1 TLSv1.2 ECDHE-RSA-AES128-GCM-SHA256 "GET /favicon.ico HTTP/1.1" 202575
[28/Apr/2015:02:21:04 -0500] ::1 TLSv1.2 ECDHE-RSA-AES128-GCM-SHA256 "POST /cart/search1_cached.php HTTP/1.1" 755
[28/Apr/2015:02:21:04 -0500] ::1 TLSv1.2 ECDHE-RSA-AES128-GCM-SHA256 "GET /favicon.ico HTTP/1.1" 202575
[28/Apr/2015:02:21:20 -0500] ::1 TLSv1.2 ECDHE-RSA-AES128-GCM-SHA256 "GET /cart/search1_cached.php HTTP/1.1" 251
[28/Apr/2015:02:21:31 -0500] ::1 TLSv1.2 ECDHE-RSA-AES128-GCM-SHA256 "POST /cart/search1_cached.php HTTP/1.1" 756
[28/Apr/2015:02:22:33 -0500] ::1 TLSv1.2 ECDHE-RSA-AES128-GCM-SHA256 "GET /cart/search1.php HTTP/1.1" 251
[28/Apr/2015:02:22:43 -0500] ::1 TLSv1.2 ECDHE-RSA-AES128-GCM-SHA256 "POST /cart/search1.php HTTP/1.1" 286
[28/Apr/2015:02:27:36 -0500] ::1 TLSv1.2 ECDHE-RSA-AES128-GCM-SHA256 "GET /cart/style/style.css HTTP/1.1" 1035
[28/Apr/2015:02:27:36 -0500] ::1 TLSv1.2 ECDHE-RSA-AES128-GCM-SHA256 "GET /cart/js/jquery-1.11.2.min.js HTTP/1.1" 33282
[28/Apr/2015:02:27:36 -0500] ::1 TLSv1.2 ECDHE-RSA-AES128-GCM-SHA256 "GET /cart/shopping_cart_test.php HTTP/1.1" 1221795
[28/Apr/2015:02:27:37 -0500] ::1 TLSv1.2 ECDHE-RSA-AES128-GCM-SHA256 "GET /cart/images/cart-icon.png HTTP/1.1" 1136
[28/Apr/2015:02:27:43 -0500] ::1 TLSv1.2 ECDHE-RSA-AES128-GCM-SHA256 "POST /cart/cart_process.php HTTP/1.1" 11
[28/Apr/2015:02:27:48 -0500] ::1 TLSv1.2 ECDHE-RSA-AES128-GCM-SHA256 "GET /cart/images/ajax-loader.gif HTTP/1.1" 673
[28/Apr/2015:02:27:48 -0500] ::1 TLSv1.2 ECDHE-RSA-AES128-GCM-SHA256 "POST /cart/cart_process.php HTTP/1.1" 242
[28/Apr/2015:02:27:50 -0500] ::1 TLSv1.2 ECDHE-RSA-AES128-GCM-SHA256 "GET /cart/view_cart_1.php HTTP/1.1" 714
[28/Apr/2015:02:27:50 -0500] ::1 TLSv1.2 ECDHE-RSA-AES128-GCM-SHA256 "GET /cart/images/view1.png HTTP/1.1" 55896
[28/Apr/2015:02:28:20 -0500] ::1 TLSv1.2 ECDHE-RSA-AES128-GCM-SHA256 "GET /cart/search1_cached.php HTTP/1.1" 251
[28/Apr/2015:02:28:25 -0500] ::1 TLSv1.2 ECDHE-RSA-AES128-GCM-SHA256 "POST /cart/search1_cached.php HTTP/1.1" 757
[28/Apr/2015:02:33:18 -0500] ::1 TLSv1.2 ECDHE-RSA-AES128-GCM-SHA256 "GET /cart/search1_cached.php HTTP/1.1" 251
[28/Apr/2015:02:33:28 -0500] ::1 TLSv1.2 ECDHE-RSA-AES128-GCM-SHA256 "POST /cart/search1_cached.php HTTP/1.1" 755
[28/Apr/2015:02:41:11 -0500] ::1 TLSv1.2 ECDHE-RSA-AES128-GCM-SHA256 "POST /cart/search1_cached.php HTTP/1.1" 759
[28/Apr/2015:02:41:11 -0500] ::1 TLSv1.2 ECDHE-RSA-AES128-GCM-SHA256 "GET /favicon.ico HTTP/1.1" 202575
[28/Apr/2015:02:41:39 -0500] ::1 TLSv1.2 ECDHE-RSA-AES128-GCM-SHA256 "GET /cart/search1_cached.php HTTP/1.1" 251
[28/Apr/2015:02:41:52 -0500] ::1 TLSv1.2 ECDHE-RSA-AES128-GCM-SHA256 "POST /cart/search1_cached.php HTTP/1.1" 756
[28/Apr/2015:02:41:54 -0500] ::1 TLSv1.2 ECDHE-RSA-AES128-GCM-SHA256 "POST /cart/search1_cached.php HTTP/1.1" 723
[28/Apr/2015:02:41:55 -0500] ::1 TLSv1.2 ECDHE-RSA-AES128-GCM-SHA256 "POST /cart/search1_cached.php HTTP/1.1" 724
[28/Apr/2015:02:44:34 -0500] ::1 TLSv1.2 ECDHE-RSA-AES128-GCM-SHA256 "POST /cart/search1_cached.php HTTP/1.1" 722
[28/Apr/2015:02:44:34 -0500] ::1 TLSv1.2 ECDHE-RSA-AES128-GCM-SHA256 "GET /favicon.ico HTTP/1.1" 202575
[28/Apr/2015:02:44:40 -0500] ::1 TLSv1.2 ECDHE-RSA-AES128-GCM-SHA256 "POST /cart/search1_cached.php HTTP/1.1" 757
[28/Apr/2015:02:44:46 -0500] ::1 TLSv1.2 ECDHE-RSA-AES128-GCM-SHA256 "POST /cart/search1_cached.php HTTP/1.1" 758
[28/Apr/2015:02:44:46 -0500] ::1 TLSv1.2 ECDHE-RSA-AES128-GCM-SHA256 "GET /favicon.ico HTTP/1.1" 202575
[28/Apr/2015:02:45:19 -0500] ::1 TLSv1.2 ECDHE-RSA-AES128-GCM-SHA256 "POST /cart/search1_cached.php HTTP/1.1" 757
[28/Apr/2015:02:45:19 -0500] ::1 TLSv1.2 ECDHE-RSA-AES128-GCM-SHA256 "GET /favicon.ico HTTP/1.1" 202575
[28/Apr/2015:02:45:26 -0500] ::1 TLSv1.2 ECDHE-RSA-AES128-GCM-SHA256 "POST /cart/search1_cached.php HTTP/1.1" 756
[28/Apr/2015:02:45:27 -0500] ::1 TLSv1.2 ECDHE-RSA-AES128-GCM-SHA256 "POST /cart/search1_cached.php HTTP/1.1" 722
[28/Apr/2015:02:45:28 -0500] ::1 TLSv1.2 ECDHE-RSA-AES128-GCM-SHA256 "POST /cart/search1_cached.php HTTP/1.1" 723
[28/Apr/2015:02:45:29 -0500] ::1 TLSv1.2 ECDHE-RSA-AES128-GCM-SHA256 "POST /cart/search1_cached.php HTTP/1.1" 723
[28/Apr/2015:02:45:30 -0500] ::1 TLSv1.2 ECDHE-RSA-AES128-GCM-SHA256 "POST /cart/search1_cached.php HTTP/1.1" 723
[28/Apr/2015:02:45:30 -0500] ::1 TLSv1.2 ECDHE-RSA-AES128-GCM-SHA256 "POST /cart/search1_cached.php HTTP/1.1" 723
[28/Apr/2015:02:45:31 -0500] ::1 TLSv1.2 ECDHE-RSA-AES128-GCM-SHA256 "POST /cart/search1_cached.php HTTP/1.1" 722
[28/Apr/2015:02:45:38 -0500] ::1 TLSv1.2 ECDHE-RSA-AES128-GCM-SHA256 "POST /cart/search1_cached.php HTTP/1.1" 756
[28/Apr/2015:02:45:39 -0500] ::1 TLSv1.2 ECDHE-RSA-AES128-GCM-SHA256 "POST /cart/search1_cached.php HTTP/1.1" 723
[28/Apr/2015:02:45:40 -0500] ::1 TLSv1.2 ECDHE-RSA-AES128-GCM-SHA256 "POST /cart/search1_cached.php HTTP/1.1" 723
[28/Apr/2015:02:45:41 -0500] ::1 TLSv1.2 ECDHE-RSA-AES128-GCM-SHA256 "POST /cart/search1_cached.php HTTP/1.1" 723
[28/Apr/2015:02:49:58 -0500] ::1 TLSv1.2 ECDHE-RSA-AES128-GCM-SHA256 "GET /shopping_cart_test.php HTTP/1.1" 320
[28/Apr/2015:02:50:07 -0500] ::1 TLSv1.2 ECDHE-RSA-AES128-GCM-SHA256 "GET /cart/style/style.css HTTP/1.1" 1035
[28/Apr/2015:02:50:07 -0500] ::1 TLSv1.2 ECDHE-RSA-AES128-GCM-SHA256 "GET /cart/js/jquery-1.11.2.min.js HTTP/1.1" 33282
[28/Apr/2015:02:50:06 -0500] ::1 TLSv1.2 ECDHE-RSA-AES128-GCM-SHA256 "GET /cart/shopping_cart_test.php HTTP/1.1" 1221795
[28/Apr/2015:02:50:07 -0500] ::1 TLSv1.2 ECDHE-RSA-AES128-GCM-SHA256 "GET /cart/images/cart-icon.png HTTP/1.1" 1136
[28/Apr/2015:02:50:12 -0500] ::1 TLSv1.2 ECDHE-RSA-AES128-GCM-SHA256 "GET /cart/images/ajax-loader.gif HTTP/1.1" 673
[28/Apr/2015:02:50:12 -0500] ::1 TLSv1.2 ECDHE-RSA-AES128-GCM-SHA256 "POST /cart/cart_process.php HTTP/1.1" 242
[28/Apr/2015:02:50:13 -0500] ::1 TLSv1.2 ECDHE-RSA-AES128-GCM-SHA256 "GET /cart/cart_process.php?remove_code=11 HTTP/1.1" 11
[28/Apr/2015:02:50:14 -0500] ::1 TLSv1.2 ECDHE-RSA-AES128-GCM-SHA256 "POST /cart/cart_process.php HTTP/1.1" 232
[28/Apr/2015:02:50:14 -0500] ::1 TLSv1.2 ECDHE-RSA-AES128-GCM-SHA256 "GET /cart/cart_process.php?remove_code=12 HTTP/1.1" 11
[28/Apr/2015:02:50:14 -0500] ::1 TLSv1.2 ECDHE-RSA-AES128-GCM-SHA256 "POST /cart/cart_process.php HTTP/1.1" 213
[28/Apr/2015:02:50:16 -0500] ::1 TLSv1.2 ECDHE-RSA-AES128-GCM-SHA256 "GET /cart/view_cart_1.php HTTP/1.1" 686
[28/Apr/2015:02:50:16 -0500] ::1 TLSv1.2 ECDHE-RSA-AES128-GCM-SHA256 "GET /cart/images/view1.png HTTP/1.1" 55896
[28/Apr/2015:02:50:36 -0500] ::1 TLSv1.2 ECDHE-RSA-AES128-GCM-SHA256 "GET /cart/search1_cached.php HTTP/1.1" 251
[28/Apr/2015:02:50:41 -0500] ::1 TLSv1.2 ECDHE-RSA-AES128-GCM-SHA256 "POST /cart/search1_cached.php HTTP/1.1" 758
[28/Apr/2015:02:50:47 -0500] ::1 TLSv1.2 ECDHE-RSA-AES128-GCM-SHA256 "POST /cart/search1_cached.php HTTP/1.1" 723
[28/Apr/2015:02:50:48 -0500] ::1 TLSv1.2 ECDHE-RSA-AES128-GCM-SHA256 "POST /cart/search1_cached.php HTTP/1.1" 724
[28/Apr/2015:02:50:53 -0500] ::1 TLSv1.2 ECDHE-RSA-AES128-GCM-SHA256 "GET /cart/search1_cached.php HTTP/1.1" 251
[28/Apr/2015:02:54:49 -0500] ::1 TLSv1.2 ECDHE-RSA-AES128-GCM-SHA256 "GET /cart/search1_cached.php HTTP/1.1" 251
[28/Apr/2015:02:54:49 -0500] ::1 TLSv1.2 ECDHE-RSA-AES128-GCM-SHA256 "GET /favicon.ico HTTP/1.1" 202575
[28/Apr/2015:02:54:49 -0500] ::1 TLSv1.2 ECDHE-RSA-AES128-GCM-SHA256 "GET /cart/search1_cached.php HTTP/1.1" 251
[28/Apr/2015:02:54:49 -0500] ::1 TLSv1.2 ECDHE-RSA-AES128-GCM-SHA256 "GET /favicon.ico HTTP/1.1" 202575
[28/Apr/2015:02:54:50 -0500] ::1 TLSv1.2 ECDHE-RSA-AES128-GCM-SHA256 "GET /cart/search1_cached.php HTTP/1.1" 251
[28/Apr/2015:02:54:50 -0500] ::1 TLSv1.2 ECDHE-RSA-AES128-GCM-SHA256 "GET /favicon.ico HTTP/1.1" 202575
[28/Apr/2015:02:54:55 -0500] ::1 TLSv1.2 ECDHE-RSA-AES128-GCM-SHA256 "POST /cart/search1_cached.php HTTP/1.1" 757
[28/Apr/2015:02:55:39 -0500] ::1 TLSv1.2 ECDHE-RSA-AES128-GCM-SHA256 "GET /cart/search1/php HTTP/1.1" 251
[28/Apr/2015:02:55:45 -0500] ::1 TLSv1.2 ECDHE-RSA-AES128-GCM-SHA256 "POST /cart/search1/php HTTP/1.1" 302
[28/Apr/2015:03:01:03 -0500] ::1 TLSv1.2 ECDHE-RSA-AES128-GCM-SHA256 "GET /cart/search1_cached.php HTTP/1.1" 251
[28/Apr/2015:03:01:07 -0500] ::1 TLSv1.2 ECDHE-RSA-AES128-GCM-SHA256 "POST /cart/search1_cached.php HTTP/1.1" 722
[28/Apr/2015:03:01:24 -0500] ::1 TLSv1.2 ECDHE-RSA-AES128-GCM-SHA256 "POST /cart/search1_cached.php HTTP/1.1" 721
[28/Apr/2015:03:01:24 -0500] ::1 TLSv1.2 ECDHE-RSA-AES128-GCM-SHA256 "GET /favicon.ico HTTP/1.1" 202575
[28/Apr/2015:03:06:50 -0500] ::1 TLSv1.2 ECDHE-RSA-AES128-GCM-SHA256 "POST /cart/search1_cached.php HTTP/1.1" 289
[28/Apr/2015:03:06:50 -0500] ::1 TLSv1.2 ECDHE-RSA-AES128-GCM-SHA256 "GET /favicon.ico HTTP/1.1" 202575
[28/Apr/2015:03:07:12 -0500] ::1 TLSv1.2 ECDHE-RSA-AES128-GCM-SHA256 "POST /cart/search1_cached.php HTTP/1.1" 796
[28/Apr/2015:03:07:12 -0500] ::1 TLSv1.2 ECDHE-RSA-AES128-GCM-SHA256 "GET /favicon.ico HTTP/1.1" 202575
[28/Apr/2015:03:08:20 -0500] ::1 TLSv1.2 ECDHE-RSA-AES128-GCM-SHA256 "POST /cart/search1_cached.php HTTP/1.1" 796
[28/Apr/2015:03:08:20 -0500] ::1 TLSv1.2 ECDHE-RSA-AES128-GCM-SHA256 "GET /favicon.ico HTTP/1.1" 202575
[28/Apr/2015:03:09:31 -0500] ::1 TLSv1.2 ECDHE-RSA-AES128-GCM-SHA256 "POST /cart/search1_cached.php HTTP/1.1" 289
[28/Apr/2015:03:09:31 -0500] ::1 TLSv1.2 ECDHE-RSA-AES128-GCM-SHA256 "GET /favicon.ico HTTP/1.1" 202575
[28/Apr/2015:03:10:25 -0500] ::1 TLSv1.2 ECDHE-RSA-AES128-GCM-SHA256 "POST /cart/search1_cached.php HTTP/1.1" 796
[28/Apr/2015:03:10:25 -0500] ::1 TLSv1.2 ECDHE-RSA-AES128-GCM-SHA256 "GET /favicon.ico HTTP/1.1" 202575
[28/Apr/2015:03:10:53 -0500] ::1 TLSv1.2 ECDHE-RSA-AES128-GCM-SHA256 "POST /cart/search1_cached.php HTTP/1.1" 290
[28/Apr/2015:03:10:53 -0500] ::1 TLSv1.2 ECDHE-RSA-AES128-GCM-SHA256 "GET /favicon.ico HTTP/1.1" 202575
[28/Apr/2015:03:12:49 -0500] ::1 TLSv1.2 ECDHE-RSA-AES128-GCM-SHA256 "POST /cart/search1_cached.php HTTP/1.1" 731
[28/Apr/2015:03:12:49 -0500] ::1 TLSv1.2 ECDHE-RSA-AES128-GCM-SHA256 "GET /favicon.ico HTTP/1.1" 202575
[28/Apr/2015:14:08:08 -0500] ::1 TLSv1.2 ECDHE-RSA-AES128-GCM-SHA256 "GET / HTTP/1.1" 1898
[28/Apr/2015:14:08:08 -0500] ::1 TLSv1.2 ECDHE-RSA-AES128-GCM-SHA256 "GET /index.php?img=gifLogo HTTP/1.1" 4282
[28/Apr/2015:14:08:08 -0500] ::1 TLSv1.2 ECDHE-RSA-AES128-GCM-SHA256 "GET /index.php?img=pngFolder HTTP/1.1" 776
[28/Apr/2015:14:08:08 -0500] ::1 TLSv1.2 ECDHE-RSA-AES128-GCM-SHA256 "GET /index.php?img=pngWrench HTTP/1.1" 689
[28/Apr/2015:14:08:08 -0500] ::1 TLSv1.2 ECDHE-RSA-AES128-GCM-SHA256 "GET /index.php?img=pngFolderGo HTTP/1.1" 717
[28/Apr/2015:14:08:08 -0500] ::1 TLSv1.2 ECDHE-RSA-AES128-GCM-SHA256 "GET /index.php?img=pngPlugin HTTP/1.1" 563
[28/Apr/2015:14:08:16 -0500] ::1 TLSv1.2 ECDHE-RSA-AES128-GCM-SHA256 "GET /?phpinfo=1 HTTP/1.1" 23103
[30/Apr/2015:16:55:43 -0500] ::1 TLSv1.2 ECDHE-RSA-AES128-GCM-SHA256 "GET / HTTP/1.1" 1905
[30/Apr/2015:16:55:43 -0500] ::1 TLSv1.2 ECDHE-RSA-AES128-GCM-SHA256 "GET /index.php?img=pngPlugin HTTP/1.1" 563
[30/Apr/2015:16:55:43 -0500] ::1 TLSv1.2 ECDHE-RSA-AES128-GCM-SHA256 "GET /index.php?img=pngFolderGo HTTP/1.1" 717
[30/Apr/2015:16:55:43 -0500] ::1 TLSv1.2 ECDHE-RSA-AES128-GCM-SHA256 "GET /index.php?img=pngFolder HTTP/1.1" 776
[30/Apr/2015:16:55:43 -0500] ::1 TLSv1.2 ECDHE-RSA-AES128-GCM-SHA256 "GET /index.php?img=pngWrench HTTP/1.1" 689
[30/Apr/2015:16:55:43 -0500] ::1 TLSv1.2 ECDHE-RSA-AES128-GCM-SHA256 "GET /index.php?img=gifLogo HTTP/1.1" 4282
[30/Apr/2015:16:55:51 -0500] ::1 TLSv1.2 ECDHE-RSA-AES128-GCM-SHA256 "GET /login1.php HTTP/1.1" 308
[30/Apr/2015:16:56:09 -0500] ::1 TLSv1.2 ECDHE-RSA-AES128-GCM-SHA256 "GET /cart/login1.php HTTP/1.1" 2162
[30/Apr/2015:16:56:13 -0500] ::1 TLSv1.2 ECDHE-RSA-AES128-GCM-SHA256 "GET /cart/'%20.%20$helper-%3EgetLoginUrl()%20.%20' HTTP/1.1" 340
[30/Apr/2015:16:56:30 -0500] ::1 TLSv1.2 ECDHE-RSA-AES128-GCM-SHA256 "GET /cart/login1.php HTTP/1.1" 2161
[30/Apr/2015:16:56:59 -0500] ::1 TLSv1.2 ECDHE-RSA-AES128-GCM-SHA256 "GET /cart/login1.php HTTP/1.1" 2160
[30/Apr/2015:16:56:59 -0500] ::1 TLSv1.2 ECDHE-RSA-AES128-GCM-SHA256 "GET /login1.php HTTP/1.1" 308
[30/Apr/2015:16:59:48 -0500] ::1 TLSv1.2 ECDHE-RSA-AES128-GCM-SHA256 "GET /cart/rapidOrders_editable.html HTTP/1.1" 2422
[30/Apr/2015:16:59:48 -0500] ::1 TLSv1.2 ECDHE-RSA-AES128-GCM-SHA256 "GET /cart/images/fast4.jpg HTTP/1.1" 16139
[30/Apr/2015:16:59:48 -0500] ::1 TLSv1.2 ECDHE-RSA-AES128-GCM-SHA256 "GET /cart/images/homeSupplies.jpg HTTP/1.1" 13836
[30/Apr/2015:16:59:48 -0500] ::1 TLSv1.2 ECDHE-RSA-AES128-GCM-SHA256 "GET /cart/images/babyCare.jpg HTTP/1.1" 3594
[30/Apr/2015:16:59:48 -0500] ::1 TLSv1.2 ECDHE-RSA-AES128-GCM-SHA256 "GET /cart/images/shopping%20cart.jpg HTTP/1.1" 68174
[30/Apr/2015:16:59:48 -0500] ::1 TLSv1.2 ECDHE-RSA-AES128-GCM-SHA256 "GET /cart/images/pharmacy2.gif HTTP/1.1" 4201
[30/Apr/2015:16:59:48 -0500] ::1 TLSv1.2 ECDHE-RSA-AES128-GCM-SHA256 "GET /cart/images/restaurant.jpg HTTP/1.1" 60967
[30/Apr/2015:16:59:53 -0500] ::1 TLSv1.2 ECDHE-RSA-AES128-GCM-SHA256 "GET /cart/search1.php HTTP/1.1" 251
[30/Apr/2015:17:00:05 -0500] ::1 TLSv1.2 ECDHE-RSA-AES128-GCM-SHA256 "GET /cart/rapidOrders_editable.html HTTP/1.1" 2422
[30/Apr/2015:17:17:12 -0500] ::1 TLSv1.2 ECDHE-RSA-AES128-GCM-SHA256 "GET /cart/login1.php HTTP/1.1" 313
[30/Apr/2015:17:18:40 -0500] ::1 TLSv1.2 ECDHE-RSA-AES128-GCM-SHA256 "GET /cart/login1.php HTTP/1.1" 2619
[30/Apr/2015:17:18:40 -0500] ::1 TLSv1.2 ECDHE-RSA-AES128-GCM-SHA256 "GET /favicon.ico HTTP/1.1" 202575
[30/Apr/2015:17:34:59 -0500] ::1 TLSv1.2 ECDHE-RSA-AES128-GCM-SHA256 "GET /cart/rapidOrders_editable.php HTTP/1.1" 327
[30/Apr/2015:17:35:14 -0500] ::1 TLSv1.2 ECDHE-RSA-AES128-GCM-SHA256 "GET /cart/rapidOrders_editable.html HTTP/1.1" 2428
[30/Apr/2015:17:35:14 -0500] ::1 TLSv1.2 ECDHE-RSA-AES128-GCM-SHA256 "GET /cart/images/shopping%20cart.jpg HTTP/1.1" 68174
[30/Apr/2015:17:35:14 -0500] ::1 TLSv1.2 ECDHE-RSA-AES128-GCM-SHA256 "GET /cart/images/fast4.jpg HTTP/1.1" 16139
[30/Apr/2015:17:35:14 -0500] ::1 TLSv1.2 ECDHE-RSA-AES128-GCM-SHA256 "GET /cart/images/restaurant.jpg HTTP/1.1" 60967
[30/Apr/2015:17:35:14 -0500] ::1 TLSv1.2 ECDHE-RSA-AES128-GCM-SHA256 "GET /cart/images/pharmacy2.gif HTTP/1.1" 4201
[30/Apr/2015:17:35:14 -0500] ::1 TLSv1.2 ECDHE-RSA-AES128-GCM-SHA256 "GET /cart/images/babyCare.jpg HTTP/1.1" 3594
[30/Apr/2015:17:35:14 -0500] ::1 TLSv1.2 ECDHE-RSA-AES128-GCM-SHA256 "GET /cart/images/homeSupplies.jpg HTTP/1.1" 13836
[30/Apr/2015:17:35:18 -0500] ::1 TLSv1.2 ECDHE-RSA-AES128-GCM-SHA256 "GET /cart/search1_cached.php HTTP/1.1" 251
[30/Apr/2015:17:35:24 -0500] ::1 TLSv1.2 ECDHE-RSA-AES128-GCM-SHA256 "GET /cart/rapidOrders_editable.html HTTP/1.1" 2428
[30/Apr/2015:17:35:40 -0500] ::1 TLSv1.2 ECDHE-RSA-AES128-GCM-SHA256 "GET /cart/style/style.css HTTP/1.1" 1035
[30/Apr/2015:17:35:40 -0500] ::1 TLSv1.2 ECDHE-RSA-AES128-GCM-SHA256 "GET /cart/js/jquery-1.11.2.min.js HTTP/1.1" 33282
[30/Apr/2015:17:35:40 -0500] ::1 TLSv1.2 ECDHE-RSA-AES128-GCM-SHA256 "GET /cart/images/cart-icon.png HTTP/1.1" 1136
[30/Apr/2015:17:35:40 -0500] ::1 TLSv1.2 ECDHE-RSA-AES128-GCM-SHA256 "GET /cart/shopping_cart_test.php HTTP/1.1" 4137656
[30/Apr/2015:17:35:43 -0500] ::1 TLSv1.2 ECDHE-RSA-AES128-GCM-SHA256 "POST /cart/cart_process.php HTTP/1.1" 247
[30/Apr/2015:17:35:43 -0500] ::1 TLSv1.2 ECDHE-RSA-AES128-GCM-SHA256 "GET /cart/images/ajax-loader.gif HTTP/1.1" 673
[30/Apr/2015:17:35:45 -0500] ::1 TLSv1.2 ECDHE-RSA-AES128-GCM-SHA256 "GET /cart/view_cart_1.php HTTP/1.1" 722
[30/Apr/2015:17:35:46 -0500] ::1 TLSv1.2 ECDHE-RSA-AES128-GCM-SHA256 "GET /cart/images/view1.png HTTP/1.1" 55896
[30/Apr/2015:17:36:01 -0500] ::1 TLSv1.2 ECDHE-RSA-AES128-GCM-SHA256 "GET /cart/payment.php HTTP/1.1" 1016
[30/Apr/2015:17:36:04 -0500] ::1 TLSv1.2 ECDHE-RSA-AES128-GCM-SHA256 "GET /cart/view_cart_1.php HTTP/1.1" 722
[30/Apr/2015:17:36:21 -0500] ::1 TLSv1.2 ECDHE-RSA-AES128-GCM-SHA256 "GET /cart/payment.php HTTP/1.1" 1016
[30/Apr/2015:17:36:21 -0500] ::1 TLSv1.2 ECDHE-RSA-AES128-GCM-SHA256 "GET /cart/view_cart_1.php HTTP/1.1" 722
[30/Apr/2015:17:36:22 -0500] ::1 TLSv1.2 ECDHE-RSA-AES128-GCM-SHA256 "GET /cart/shopping_cart_test.php HTTP/1.1" 4137656
[30/Apr/2015:17:36:23 -0500] ::1 TLSv1.2 ECDHE-RSA-AES128-GCM-SHA256 "GET /cart/rapidOrders_editable.html HTTP/1.1" 2428
[30/Apr/2015:17:36:28 -0500] ::1 TLSv1.2 ECDHE-RSA-AES128-GCM-SHA256 "GET /cart/search1_cached.php HTTP/1.1" 251
[30/Apr/2015:17:36:32 -0500] ::1 TLSv1.2 ECDHE-RSA-AES128-GCM-SHA256 "POST /cart/search1_cached.php HTTP/1.1" 317
[30/Apr/2015:18:25:32 -0500] ::1 TLSv1.2 ECDHE-RSA-AES128-GCM-SHA256 "GET /cart/facebook.php HTTP/1.1" 228
[30/Apr/2015:18:26:32 -0500] ::1 TLSv1.2 ECDHE-RSA-AES128-GCM-SHA256 "GET /cart/facebook.php HTTP/1.1" 228
[30/Apr/2015:18:28:52 -0500] ::1 TLSv1.2 ECDHE-RSA-AES128-GCM-SHA256 "GET /cart/login1.php HTTP/1.1" 2166
[30/Apr/2015:18:29:09 -0500] ::1 TLSv1.2 ECDHE-RSA-AES128-GCM-SHA256 "GET /cart/login1.php HTTP/1.1" 2169
[30/Apr/2015:18:29:25 -0500] ::1 TLSv1.2 ECDHE-RSA-AES128-GCM-SHA256 "GET /cart/login1.php HTTP/1.1" 2169
[30/Apr/2015:18:29:38 -0500] ::1 TLSv1.2 ECDHE-RSA-AES128-GCM-SHA256 "GET /cart/login1.php HTTP/1.1" 2169
[30/Apr/2015:18:29:44 -0500] ::1 TLSv1.2 ECDHE-RSA-AES128-GCM-SHA256 "GET /cart/login1.php HTTP/1.1" 2169
[30/Apr/2015:18:31:44 -0500] ::1 TLSv1.2 ECDHE-RSA-AES128-GCM-SHA256 "GET /cart/login1.php HTTP/1.1" 2619
[30/Apr/2015:18:31:44 -0500] ::1 TLSv1.2 ECDHE-RSA-AES128-GCM-SHA256 "GET /favicon.ico HTTP/1.1" 202575
[30/Apr/2015:18:35:35 -0500] ::1 TLSv1.2 ECDHE-RSA-AES128-GCM-SHA256 "GET /cart/login1.php HTTP/1.1" 2165
[30/Apr/2015:18:35:51 -0500] ::1 TLSv1.2 ECDHE-RSA-AES128-GCM-SHA256 "GET /cart/login1.php HTTP/1.1" 2167
[30/Apr/2015:21:10:11 -0500] ::1 TLSv1.2 ECDHE-RSA-AES128-GCM-SHA256 "GET /cart/rapidOrders_editable.html HTTP/1.1" 2428
[30/Apr/2015:21:10:11 -0500] ::1 TLSv1.2 ECDHE-RSA-AES128-GCM-SHA256 "GET /cart/images/shopping%20cart.jpg HTTP/1.1" 68174
[30/Apr/2015:21:10:11 -0500] ::1 TLSv1.2 ECDHE-RSA-AES128-GCM-SHA256 "GET /cart/images/babyCare.jpg HTTP/1.1" 3594
[30/Apr/2015:21:10:11 -0500] ::1 TLSv1.2 ECDHE-RSA-AES128-GCM-SHA256 "GET /cart/images/homeSupplies.jpg HTTP/1.1" 13836
[30/Apr/2015:21:10:11 -0500] ::1 TLSv1.2 ECDHE-RSA-AES128-GCM-SHA256 "GET /cart/images/fast4.jpg HTTP/1.1" 16139
[30/Apr/2015:21:10:11 -0500] ::1 TLSv1.2 ECDHE-RSA-AES128-GCM-SHA256 "GET /cart/images/restaurant.jpg HTTP/1.1" 60967
[30/Apr/2015:21:10:11 -0500] ::1 TLSv1.2 ECDHE-RSA-AES128-GCM-SHA256 "GET /cart/images/pharmacy2.gif HTTP/1.1" 4201
[30/Apr/2015:21:10:55 -0500] ::1 TLSv1.2 ECDHE-RSA-AES128-GCM-SHA256 "GET / HTTP/1.1" 1905
[30/Apr/2015:21:10:55 -0500] ::1 TLSv1.2 ECDHE-RSA-AES128-GCM-SHA256 "GET /index.php?img=gifLogo HTTP/1.1" 4282
[30/Apr/2015:21:10:55 -0500] ::1 TLSv1.2 ECDHE-RSA-AES128-GCM-SHA256 "GET /index.php?img=pngPlugin HTTP/1.1" 563
[30/Apr/2015:21:10:55 -0500] ::1 TLSv1.2 ECDHE-RSA-AES128-GCM-SHA256 "GET /index.php?img=pngFolder HTTP/1.1" 776
[30/Apr/2015:21:10:55 -0500] ::1 TLSv1.2 ECDHE-RSA-AES128-GCM-SHA256 "GET /index.php?img=pngWrench HTTP/1.1" 689
[30/Apr/2015:21:10:55 -0500] ::1 TLSv1.2 ECDHE-RSA-AES128-GCM-SHA256 "GET /index.php?img=pngFolderGo HTTP/1.1" 717
[30/Apr/2015:21:10:58 -0500] ::1 TLSv1.2 ECDHE-RSA-AES128-GCM-SHA256 "GET /cart/rapidOrders_editable.html HTTP/1.1" 2428
[30/Apr/2015:21:11:06 -0500] ::1 TLSv1.2 ECDHE-RSA-AES128-GCM-SHA256 "GET /cart/search1_cached.php HTTP/1.1" 251
[30/Apr/2015:21:11:08 -0500] ::1 TLSv1.2 ECDHE-RSA-AES128-GCM-SHA256 "GET /cart/rapidOrders_editable.html HTTP/1.1" 2428
[30/Apr/2015:21:11:14 -0500] ::1 TLSv1.2 ECDHE-RSA-AES128-GCM-SHA256 "GET /cart/style/style.css HTTP/1.1" 1035
[30/Apr/2015:21:11:14 -0500] ::1 TLSv1.2 ECDHE-RSA-AES128-GCM-SHA256 "GET /cart/js/jquery-1.11.2.min.js HTTP/1.1" 33282
[30/Apr/2015:21:11:14 -0500] ::1 TLSv1.2 ECDHE-RSA-AES128-GCM-SHA256 "GET /cart/images/cart-icon.png HTTP/1.1" 1136
[30/Apr/2015:21:11:14 -0500] ::1 TLSv1.2 ECDHE-RSA-AES128-GCM-SHA256 "GET /cart/shopping_cart_test.php HTTP/1.1" 4137656
[30/Apr/2015:21:13:48 -0500] ::1 TLSv1.2 ECDHE-RSA-AES128-GCM-SHA256 "POST /cart/cart_process.php HTTP/1.1" 11
[30/Apr/2015:21:14:25 -0500] ::1 TLSv1.2 ECDHE-RSA-AES128-GCM-SHA256 "GET /cart/images/ajax-loader.gif HTTP/1.1" 673
[30/Apr/2015:21:14:25 -0500] ::1 TLSv1.2 ECDHE-RSA-AES128-GCM-SHA256 "POST /cart/cart_process.php HTTP/1.1" 264
[30/Apr/2015:21:14:39 -0500] ::1 TLSv1.2 ECDHE-RSA-AES128-GCM-SHA256 "GET /cart/view_cart_1.php HTTP/1.1" 740
[30/Apr/2015:21:14:40 -0500] ::1 TLSv1.2 ECDHE-RSA-AES128-GCM-SHA256 "GET /cart/images/view1.png HTTP/1.1" 55896
[30/Apr/2015:21:14:54 -0500] ::1 TLSv1.2 ECDHE-RSA-AES128-GCM-SHA256 "GET /cart/shopping_cart_test.php HTTP/1.1" 4137656
[30/Apr/2015:21:15:09 -0500] ::1 TLSv1.2 ECDHE-RSA-AES128-GCM-SHA256 "POST /cart/cart_process.php HTTP/1.1" 11
[30/Apr/2015:21:15:11 -0500] ::1 TLSv1.2 ECDHE-RSA-AES128-GCM-SHA256 "POST /cart/cart_process.php HTTP/1.1" 266
[30/Apr/2015:21:15:32 -0500] ::1 TLSv1.2 ECDHE-RSA-AES128-GCM-SHA256 "POST /cart/cart_process.php HTTP/1.1" 266
[30/Apr/2015:21:15:55 -0500] ::1 TLSv1.2 ECDHE-RSA-AES128-GCM-SHA256 "GET /cart/view_cart_1.php HTTP/1.1" 741
[30/Apr/2015:21:16:38 -0500] ::1 TLSv1.2 ECDHE-RSA-AES128-GCM-SHA256 "GET /cart/payment.php HTTP/1.1" 1016
[30/Apr/2015:21:16:53 -0500] ::1 TLSv1.2 ECDHE-RSA-AES128-GCM-SHA256 "GET /cart/view_cart_1.php HTTP/1.1" 742
[30/Apr/2015:21:16:58 -0500] ::1 TLSv1.2 ECDHE-RSA-AES128-GCM-SHA256 "GET /cart/view_cart_1.php HTTP/1.1" 742
[30/Apr/2015:21:24:32 -0500] ::1 TLSv1.2 ECDHE-RSA-AES128-GCM-SHA256 "GET /cart/rapidOrders_editable.html HTTP/1.1" 2428
[30/Apr/2015:21:24:32 -0500] ::1 TLSv1.2 ECDHE-RSA-AES128-GCM-SHA256 "GET /cart/images/shopping%20cart.jpg HTTP/1.1" 68174
[30/Apr/2015:21:24:32 -0500] ::1 TLSv1.2 ECDHE-RSA-AES128-GCM-SHA256 "GET /cart/images/fast4.jpg HTTP/1.1" 16139
[30/Apr/2015:21:24:32 -0500] ::1 TLSv1.2 ECDHE-RSA-AES128-GCM-SHA256 "GET /cart/images/pharmacy2.gif HTTP/1.1" 4201
[30/Apr/2015:21:24:32 -0500] ::1 TLSv1.2 ECDHE-RSA-AES128-GCM-SHA256 "GET /cart/images/restaurant.jpg HTTP/1.1" 60967
[30/Apr/2015:21:24:32 -0500] ::1 TLSv1.2 ECDHE-RSA-AES128-GCM-SHA256 "GET /cart/images/homeSupplies.jpg HTTP/1.1" 13836
[30/Apr/2015:21:24:32 -0500] ::1 TLSv1.2 ECDHE-RSA-AES128-GCM-SHA256 "GET /cart/images/babyCare.jpg HTTP/1.1" 3594
[30/Apr/2015:21:24:38 -0500] ::1 TLSv1.2 ECDHE-RSA-AES128-GCM-SHA256 "GET /cart/style/style.css HTTP/1.1" 1035
[30/Apr/2015:21:24:38 -0500] ::1 TLSv1.2 ECDHE-RSA-AES128-GCM-SHA256 "GET /cart/js/jquery-1.11.2.min.js HTTP/1.1" 33282
[30/Apr/2015:21:24:38 -0500] ::1 TLSv1.2 ECDHE-RSA-AES128-GCM-SHA256 "GET /cart/images/cart-icon.png HTTP/1.1" 1136
[30/Apr/2015:21:24:38 -0500] ::1 TLSv1.2 ECDHE-RSA-AES128-GCM-SHA256 "GET /cart/shopping_cart_test.php HTTP/1.1" 4137656
[30/Apr/2015:21:24:40 -0500] ::1 TLSv1.2 ECDHE-RSA-AES128-GCM-SHA256 "GET /cart/images/ajax-loader.gif HTTP/1.1" 673
[30/Apr/2015:21:24:40 -0500] ::1 TLSv1.2 ECDHE-RSA-AES128-GCM-SHA256 "POST /cart/cart_process.php HTTP/1.1" 264
[30/Apr/2015:21:24:42 -0500] ::1 TLSv1.2 ECDHE-RSA-AES128-GCM-SHA256 "GET /cart/view_cart_1.php HTTP/1.1" 738
[30/Apr/2015:21:24:42 -0500] ::1 TLSv1.2 ECDHE-RSA-AES128-GCM-SHA256 "GET /cart/images/view1.png HTTP/1.1" 55896
[30/Apr/2015:21:24:45 -0500] ::1 TLSv1.2 ECDHE-RSA-AES128-GCM-SHA256 "GET /cart/payment.php HTTP/1.1" 1016
[30/Apr/2015:21:24:53 -0500] ::1 TLSv1.2 ECDHE-RSA-AES128-GCM-SHA256 "GET /cart/view_cart_1.php HTTP/1.1" 740
[30/Apr/2015:21:24:58 -0500] ::1 TLSv1.2 ECDHE-RSA-AES128-GCM-SHA256 "GET /cart/shopping_cart_test.php HTTP/1.1" 4137656
[30/Apr/2015:21:25:30 -0500] ::1 TLSv1.2 ECDHE-RSA-AES128-GCM-SHA256 "GET /cart/view_cart_1.php HTTP/1.1" 739
[30/Apr/2015:21:25:31 -0500] ::1 TLSv1.2 ECDHE-RSA-AES128-GCM-SHA256 "GET /cart/payment.php HTTP/1.1" 1016
[30/Apr/2015:21:25:32 -0500] ::1 TLSv1.2 ECDHE-RSA-AES128-GCM-SHA256 "GET /cart/view_cart_1.php HTTP/1.1" 740
[30/Apr/2015:21:25:35 -0500] ::1 TLSv1.2 ECDHE-RSA-AES128-GCM-SHA256 "GET /cart/shopping_cart_test.php HTTP/1.1" 4137656
[30/Apr/2015:21:25:39 -0500] ::1 TLSv1.2 ECDHE-RSA-AES128-GCM-SHA256 "GET /cart/rapidOrders_editable.html HTTP/1.1" 2428
[30/Apr/2015:21:29:32 -0500] ::1 TLSv1.2 ECDHE-RSA-AES128-GCM-SHA256 "GET /cart/login1.php HTTP/1.1" 2169
[30/Apr/2015:21:29:41 -0500] ::1 TLSv1.2 ECDHE-RSA-AES128-GCM-SHA256 "GET /cart/login1.php HTTP/1.1" 2166
[30/Apr/2015:21:29:49 -0500] ::1 TLSv1.2 ECDHE-RSA-AES128-GCM-SHA256 "GET /cart/login1.php HTTP/1.1" 2165
[01/May/2015:14:43:06 -0500] ::1 TLSv1.2 ECDHE-RSA-AES128-GCM-SHA256 "GET /cart/search1_cached.php HTTP/1.1" 251
[01/May/2015:14:43:12 -0500] ::1 TLSv1.2 ECDHE-RSA-AES128-GCM-SHA256 "POST /cart/search1_cached.php HTTP/1.1" 258
[01/May/2015:14:43:17 -0500] ::1 TLSv1.2 ECDHE-RSA-AES128-GCM-SHA256 "POST /cart/search1_cached.php HTTP/1.1" 258
[01/May/2015:14:43:22 -0500] ::1 TLSv1.2 ECDHE-RSA-AES128-GCM-SHA256 "POST /cart/search1_cached.php HTTP/1.1" 343
[01/May/2015:14:43:47 -0500] ::1 TLSv1.2 ECDHE-RSA-AES128-GCM-SHA256 "POST /cart/search1_cached.php HTTP/1.1" 343
[01/May/2015:14:43:53 -0500] ::1 TLSv1.2 ECDHE-RSA-AES128-GCM-SHA256 "POST /cart/search1_cached.php HTTP/1.1" 258
[01/May/2015:14:43:57 -0500] ::1 TLSv1.2 ECDHE-RSA-AES128-GCM-SHA256 "POST /cart/search1_cached.php HTTP/1.1" 343
[01/May/2015:14:44:04 -0500] ::1 TLSv1.2 ECDHE-RSA-AES128-GCM-SHA256 "POST /cart/search1_cached.php HTTP/1.1" 343
[01/May/2015:14:44:12 -0500] ::1 TLSv1.2 ECDHE-RSA-AES128-GCM-SHA256 "POST /cart/search1_cached.php HTTP/1.1" 258
[01/May/2015:14:44:16 -0500] ::1 TLSv1.2 ECDHE-RSA-AES128-GCM-SHA256 "POST /cart/search1_cached.php HTTP/1.1" 258
[01/May/2015:14:44:19 -0500] ::1 TLSv1.2 ECDHE-RSA-AES128-GCM-SHA256 "POST /cart/search1_cached.php HTTP/1.1" 343
[01/May/2015:14:44:30 -0500] ::1 TLSv1.2 ECDHE-RSA-AES128-GCM-SHA256 "POST /cart/search1_cached.php HTTP/1.1" 343
