::1 - - [25/Apr/2015:15:38:10 -0500] "GET / HTTP/1.1" 200 4836
::1 - - [25/Apr/2015:15:38:10 -0500] "GET /index.php?img=gifLogo HTTP/1.1" 200 4549
::1 - - [25/Apr/2015:15:38:10 -0500] "GET /index.php?img=pngPlugin HTTP/1.1" 200 548
::1 - - [25/Apr/2015:15:38:10 -0500] "GET /index.php?img=pngWrench HTTP/1.1" 200 741
::1 - - [25/Apr/2015:15:38:10 -0500] "GET /index.php?img=pngFolder HTTP/1.1" 200 850
::1 - - [25/Apr/2015:15:38:10 -0500] "GET /index.php?img=pngFolderGo HTTP/1.1" 200 694
::1 - - [25/Apr/2015:15:38:10 -0500] "GET /index.php?img=favicon HTTP/1.1" 200 1429
::1 - - [25/Apr/2015:15:40:48 -0500] "GET / HTTP/1.1" 200 4836
::1 - - [25/Apr/2015:15:40:48 -0500] "GET /index.php?img=gifLogo HTTP/1.1" 200 4549
::1 - - [25/Apr/2015:15:40:48 -0500] "GET /index.php?img=pngFolder HTTP/1.1" 200 850
::1 - - [25/Apr/2015:15:40:48 -0500] "GET /index.php?img=pngWrench HTTP/1.1" 200 741
::1 - - [25/Apr/2015:15:40:48 -0500] "GET /index.php?img=pngPlugin HTTP/1.1" 200 548
::1 - - [25/Apr/2015:15:40:48 -0500] "GET /index.php?img=pngFolderGo HTTP/1.1" 200 694
::1 - - [25/Apr/2015:18:53:28 -0500] "GET / HTTP/1.1" 200 4836
::1 - - [25/Apr/2015:18:53:28 -0500] "GET /index.php?img=gifLogo HTTP/1.1" 200 4549
::1 - - [25/Apr/2015:18:53:28 -0500] "GET /index.php?img=pngPlugin HTTP/1.1" 200 548
::1 - - [25/Apr/2015:18:53:28 -0500] "GET /index.php?img=pngFolderGo HTTP/1.1" 200 694
::1 - - [25/Apr/2015:18:53:28 -0500] "GET /index.php?img=pngFolder HTTP/1.1" 200 850
::1 - - [25/Apr/2015:18:53:28 -0500] "GET /index.php?img=pngWrench HTTP/1.1" 200 741
::1 - - [25/Apr/2015:18:53:43 -0500] "GET / HTTP/1.1" 200 4836
::1 - - [25/Apr/2015:18:53:43 -0500] "GET /index.php?img=gifLogo HTTP/1.1" 200 4549
::1 - - [25/Apr/2015:18:53:43 -0500] "GET /index.php?img=pngWrench HTTP/1.1" 200 741
::1 - - [25/Apr/2015:18:53:43 -0500] "GET /index.php?img=pngFolderGo HTTP/1.1" 200 694
::1 - - [25/Apr/2015:18:53:43 -0500] "GET /index.php?img=pngFolder HTTP/1.1" 200 850
::1 - - [25/Apr/2015:18:53:43 -0500] "GET /index.php?img=pngPlugin HTTP/1.1" 200 548
::1 - - [25/Apr/2015:18:54:19 -0500] "GET / HTTP/1.1" 200 4836
::1 - - [25/Apr/2015:18:54:19 -0500] "GET /index.php?img=gifLogo HTTP/1.1" 200 4549
::1 - - [25/Apr/2015:18:54:19 -0500] "GET /index.php?img=pngPlugin HTTP/1.1" 200 548
::1 - - [25/Apr/2015:18:54:19 -0500] "GET /index.php?img=pngWrench HTTP/1.1" 200 741
::1 - - [25/Apr/2015:18:54:19 -0500] "GET /index.php?img=pngFolder HTTP/1.1" 200 850
::1 - - [25/Apr/2015:18:54:19 -0500] "GET /index.php?img=pngFolderGo HTTP/1.1" 200 694
::1 - - [25/Apr/2015:18:54:28 -0500] "GET / HTTP/1.1" 200 4836
::1 - - [25/Apr/2015:18:54:28 -0500] "GET /index.php?img=gifLogo HTTP/1.1" 200 4549
::1 - - [25/Apr/2015:18:54:28 -0500] "GET /index.php?img=pngWrench HTTP/1.1" 200 741
::1 - - [25/Apr/2015:18:54:28 -0500] "GET /index.php?img=pngFolder HTTP/1.1" 200 850
::1 - - [25/Apr/2015:18:54:28 -0500] "GET /index.php?img=pngFolderGo HTTP/1.1" 200 694
::1 - - [25/Apr/2015:18:54:28 -0500] "GET /index.php?img=pngPlugin HTTP/1.1" 200 548
::1 - - [25/Apr/2015:18:55:06 -0500] "GET / HTTP/1.1" 200 4836
::1 - - [25/Apr/2015:18:55:06 -0500] "GET /index.php?img=gifLogo HTTP/1.1" 200 4549
::1 - - [25/Apr/2015:18:55:07 -0500] "GET /index.php?img=pngWrench HTTP/1.1" 200 741
::1 - - [25/Apr/2015:18:55:07 -0500] "GET /index.php?img=pngPlugin HTTP/1.1" 200 548
::1 - - [25/Apr/2015:18:55:07 -0500] "GET /index.php?img=pngFolderGo HTTP/1.1" 200 694
::1 - - [25/Apr/2015:18:55:07 -0500] "GET /index.php?img=pngFolder HTTP/1.1" 200 850
::1 - - [25/Apr/2015:18:55:36 -0500] "GET /register.php HTTP/1.1" 200 5783
::1 - - [25/Apr/2015:18:55:36 -0500] "GET /CSS/form.css HTTP/1.1" 404 310
::1 - - [25/Apr/2015:18:55:36 -0500] "GET /favicon.ico HTTP/1.1" 200 202575
::1 - - [25/Apr/2015:18:59:17 -0500] "GET / HTTP/1.1" 200 4836
::1 - - [25/Apr/2015:18:59:17 -0500] "GET /index.php?img=gifLogo HTTP/1.1" 200 4549
::1 - - [25/Apr/2015:18:59:17 -0500] "GET /index.php?img=pngPlugin HTTP/1.1" 200 548
::1 - - [25/Apr/2015:18:59:17 -0500] "GET /index.php?img=pngWrench HTTP/1.1" 200 741
::1 - - [25/Apr/2015:18:59:17 -0500] "GET /index.php?img=pngFolder HTTP/1.1" 200 850
::1 - - [25/Apr/2015:18:59:17 -0500] "GET /index.php?img=pngFolderGo HTTP/1.1" 200 694
::1 - - [25/Apr/2015:19:00:54 -0500] "GET / HTTP/1.1" 200 4836
::1 - - [25/Apr/2015:19:00:54 -0500] "GET /index.php?img=gifLogo HTTP/1.1" 200 4549
::1 - - [25/Apr/2015:19:00:54 -0500] "GET /index.php?img=pngPlugin HTTP/1.1" 200 548
::1 - - [25/Apr/2015:19:00:54 -0500] "GET /index.php?img=pngFolder HTTP/1.1" 200 850
::1 - - [25/Apr/2015:19:00:54 -0500] "GET /index.php?img=pngFolderGo HTTP/1.1" 200 694
::1 - - [25/Apr/2015:19:00:54 -0500] "GET /index.php?img=pngWrench HTTP/1.1" 200 741
::1 - - [28/Apr/2015:01:08:30 -0500] "GET / HTTP/1.1" 200 1891
::1 - - [28/Apr/2015:01:08:30 -0500] "GET /index.php?img=gifLogo HTTP/1.1" 200 4282
::1 - - [28/Apr/2015:01:08:30 -0500] "GET /index.php?img=pngFolder HTTP/1.1" 200 776
::1 - - [28/Apr/2015:01:08:30 -0500] "GET /index.php?img=pngFolderGo HTTP/1.1" 200 717
::1 - - [28/Apr/2015:01:08:30 -0500] "GET /index.php?img=pngWrench HTTP/1.1" 200 689
::1 - - [28/Apr/2015:01:08:30 -0500] "GET /index.php?img=pngPlugin HTTP/1.1" 200 563
::1 - - [28/Apr/2015:01:08:30 -0500] "GET /index.php?img=favicon HTTP/1.1" 200 1106
::1 - - [28/Apr/2015:01:08:43 -0500] "GET / HTTP/1.1" 200 1891
::1 - - [28/Apr/2015:01:08:45 -0500] "GET /?phpinfo=1 HTTP/1.1" 200 22474
::1 - - [28/Apr/2015:01:08:46 -0500] "GET /favicon.ico HTTP/1.1" 200 202575
::1 - - [28/Apr/2015:01:11:01 -0500] "GET / HTTP/1.1" 200 1891
::1 - - [28/Apr/2015:01:11:01 -0500] "GET /index.php?img=gifLogo HTTP/1.1" 200 4282
::1 - - [28/Apr/2015:01:11:01 -0500] "GET /index.php?img=pngPlugin HTTP/1.1" 200 563
::1 - - [28/Apr/2015:01:11:01 -0500] "GET /index.php?img=pngWrench HTTP/1.1" 200 689
::1 - - [28/Apr/2015:01:11:02 -0500] "GET /index.php?img=pngFolder HTTP/1.1" 200 776
::1 - - [28/Apr/2015:01:11:02 -0500] "GET /index.php?img=pngFolderGo HTTP/1.1" 200 717
::1 - - [28/Apr/2015:01:11:09 -0500] "GET /?phpinfo=1 HTTP/1.1" 200 22465
::1 - - [28/Apr/2015:01:14:22 -0500] "GET / HTTP/1.1" 200 1891
::1 - - [28/Apr/2015:01:14:22 -0500] "GET /index.php?img=gifLogo HTTP/1.1" 200 4282
::1 - - [28/Apr/2015:01:14:23 -0500] "GET /index.php?img=pngPlugin HTTP/1.1" 200 563
::1 - - [28/Apr/2015:01:14:23 -0500] "GET /index.php?img=pngWrench HTTP/1.1" 200 689
::1 - - [28/Apr/2015:01:14:23 -0500] "GET /index.php?img=pngFolder HTTP/1.1" 200 776
::1 - - [28/Apr/2015:01:14:23 -0500] "GET /index.php?img=pngFolderGo HTTP/1.1" 200 717
::1 - - [28/Apr/2015:01:14:29 -0500] "GET /?phpinfo=1 HTTP/1.1" 200 22465
::1 - - [28/Apr/2015:01:19:12 -0500] "GET / HTTP/1.1" 200 1898
::1 - - [28/Apr/2015:01:19:12 -0500] "GET /index.php?img=gifLogo HTTP/1.1" 200 4282
::1 - - [28/Apr/2015:01:19:12 -0500] "GET /index.php?img=pngPlugin HTTP/1.1" 200 563
::1 - - [28/Apr/2015:01:19:12 -0500] "GET /index.php?img=pngWrench HTTP/1.1" 200 689
::1 - - [28/Apr/2015:01:19:12 -0500] "GET /index.php?img=pngFolder HTTP/1.1" 200 776
::1 - - [28/Apr/2015:01:19:12 -0500] "GET /index.php?img=pngFolderGo HTTP/1.1" 200 717
::1 - - [28/Apr/2015:01:19:19 -0500] "GET /?phpinfo=1 HTTP/1.1" 200 22691
::1 - - [28/Apr/2015:01:23:47 -0500] "GET / HTTP/1.1" 200 1898
::1 - - [28/Apr/2015:01:23:55 -0500] "GET / HTTP/1.1" 200 1898
::1 - - [28/Apr/2015:01:23:55 -0500] "GET /index.php?img=gifLogo HTTP/1.1" 200 4282
::1 - - [28/Apr/2015:01:23:55 -0500] "GET /index.php?img=pngPlugin HTTP/1.1" 200 563
::1 - - [28/Apr/2015:01:23:55 -0500] "GET /index.php?img=pngWrench HTTP/1.1" 200 689
::1 - - [28/Apr/2015:01:23:55 -0500] "GET /index.php?img=pngFolder HTTP/1.1" 200 776
::1 - - [28/Apr/2015:01:23:55 -0500] "GET /index.php?img=pngFolderGo HTTP/1.1" 200 717
::1 - - [28/Apr/2015:01:24:05 -0500] "GET /cart/style/style.css HTTP/1.1" 200 1035
::1 - - [28/Apr/2015:01:24:05 -0500] "GET /cart/js/jquery-1.11.2.min.js HTTP/1.1" 200 33282
::1 - - [28/Apr/2015:01:24:05 -0500] "GET /cart/shopping_cart_test.php HTTP/1.1" 200 1221795
::1 - - [28/Apr/2015:01:24:05 -0500] "GET /cart/images/cart-icon.png HTTP/1.1" 200 1136
::1 - - [28/Apr/2015:01:26:10 -0500] "GET /cart/images/ajax-loader.gif HTTP/1.1" 200 673
::1 - - [28/Apr/2015:01:26:10 -0500] "POST /cart/cart_process.php HTTP/1.1" 200 18
::1 - - [28/Apr/2015:01:26:12 -0500] "POST /cart/cart_process.php HTTP/1.1" 200 11
::1 - - [28/Apr/2015:01:26:14 -0500] "POST /cart/cart_process.php HTTP/1.1" 200 209
::1 - - [28/Apr/2015:01:26:15 -0500] "GET /cart/view_cart.php HTTP/1.1" 200 685
::1 - - [28/Apr/2015:01:26:15 -0500] "GET /cart/images/view1.png HTTP/1.1" 200 55896
::1 - - [28/Apr/2015:01:36:56 -0500] "GET /cart/style/style.css HTTP/1.1" 200 1035
::1 - - [28/Apr/2015:01:36:56 -0500] "GET /cart/shopping_cart_test.php HTTP/1.1" 200 1221795
::1 - - [28/Apr/2015:01:36:56 -0500] "GET /cart/js/jquery-1.11.2.min.js HTTP/1.1" 200 33282
::1 - - [28/Apr/2015:01:36:57 -0500] "GET /cart/images/cart-icon.png HTTP/1.1" 200 1136
::1 - - [28/Apr/2015:01:37:03 -0500] "GET /cart/style/style.css HTTP/1.1" 200 1035
::1 - - [28/Apr/2015:01:37:03 -0500] "GET /cart/js/jquery-1.11.2.min.js HTTP/1.1" 200 33282
::1 - - [28/Apr/2015:01:37:03 -0500] "GET /cart/images/cart-icon.png HTTP/1.1" 304 -
::1 - - [28/Apr/2015:01:37:03 -0500] "GET /cart/shopping_cart_test.php HTTP/1.1" 200 1221795
::1 - - [28/Apr/2015:01:37:03 -0500] "GET /favicon.ico HTTP/1.1" 200 202575
::1 - - [28/Apr/2015:01:37:04 -0500] "GET /cart/style/style.css HTTP/1.1" 200 1035
::1 - - [28/Apr/2015:01:37:04 -0500] "GET /cart/js/jquery-1.11.2.min.js HTTP/1.1" 200 33282
::1 - - [28/Apr/2015:01:37:04 -0500] "GET /cart/images/cart-icon.png HTTP/1.1" 304 -
::1 - - [28/Apr/2015:01:37:04 -0500] "GET /cart/shopping_cart_test.php HTTP/1.1" 200 1221795
::1 - - [28/Apr/2015:01:37:04 -0500] "GET /favicon.ico HTTP/1.1" 200 202575
::1 - - [28/Apr/2015:01:37:07 -0500] "POST /cart/cart_process.php HTTP/1.1" 200 11
::1 - - [28/Apr/2015:01:37:14 -0500] "GET /cart/images/ajax-loader.gif HTTP/1.1" 200 673
::1 - - [28/Apr/2015:01:37:14 -0500] "POST /cart/cart_process.php HTTP/1.1" 200 228
::1 - - [28/Apr/2015:01:37:16 -0500] "GET /cart/view_cart_1.php HTTP/1.1" 200 302
::1 - - [28/Apr/2015:01:38:21 -0500] "GET /cart/view_cart_1.php HTTP/1.1" 200 301
::1 - - [28/Apr/2015:01:38:21 -0500] "GET /favicon.ico HTTP/1.1" 200 202575
::1 - - [28/Apr/2015:01:38:22 -0500] "GET /cart/view_cart_1.php HTTP/1.1" 200 301
::1 - - [28/Apr/2015:01:38:22 -0500] "GET /favicon.ico HTTP/1.1" 200 202575
::1 - - [28/Apr/2015:01:38:24 -0500] "GET /cart/shopping_cart_test.php HTTP/1.1" 200 1221795
::1 - - [28/Apr/2015:01:38:26 -0500] "POST /cart/cart_process.php HTTP/1.1" 200 228
::1 - - [28/Apr/2015:01:38:29 -0500] "GET /cart/cart_process.php?remove_code=12 HTTP/1.1" 200 11
::1 - - [28/Apr/2015:01:38:29 -0500] "POST /cart/cart_process.php HTTP/1.1" 200 211
::1 - - [28/Apr/2015:01:38:30 -0500] "GET /cart/cart_process.php?remove_code=11 HTTP/1.1" 200 11
::1 - - [28/Apr/2015:01:38:30 -0500] "POST /cart/cart_process.php HTTP/1.1" 200 18
::1 - - [28/Apr/2015:01:38:32 -0500] "GET /cart/style/style.css HTTP/1.1" 200 1035
::1 - - [28/Apr/2015:01:38:32 -0500] "GET /cart/js/jquery-1.11.2.min.js HTTP/1.1" 200 33282
::1 - - [28/Apr/2015:01:38:32 -0500] "GET /cart/images/cart-icon.png HTTP/1.1" 304 -
::1 - - [28/Apr/2015:01:38:32 -0500] "GET /cart/shopping_cart_test.php HTTP/1.1" 200 1221795
::1 - - [28/Apr/2015:01:38:32 -0500] "GET /favicon.ico HTTP/1.1" 200 202575
::1 - - [28/Apr/2015:01:38:33 -0500] "GET /cart/style/style.css HTTP/1.1" 200 1035
::1 - - [28/Apr/2015:01:38:33 -0500] "GET /cart/js/jquery-1.11.2.min.js HTTP/1.1" 200 33282
::1 - - [28/Apr/2015:01:38:33 -0500] "GET /cart/images/cart-icon.png HTTP/1.1" 304 -
::1 - - [28/Apr/2015:01:38:33 -0500] "GET /cart/shopping_cart_test.php HTTP/1.1" 200 1221795
::1 - - [28/Apr/2015:01:38:33 -0500] "GET /favicon.ico HTTP/1.1" 200 202575
::1 - - [28/Apr/2015:01:38:35 -0500] "POST /cart/cart_process.php HTTP/1.1" 200 11
::1 - - [28/Apr/2015:01:38:37 -0500] "POST /cart/cart_process.php HTTP/1.1" 200 211
::1 - - [28/Apr/2015:01:38:38 -0500] "GET /cart/view_cart_1.php HTTP/1.1" 200 301
::1 - - [28/Apr/2015:01:39:28 -0500] "GET /cart/shopping_cart_test.php HTTP/1.1" 200 1221795
::1 - - [28/Apr/2015:01:39:53 -0500] "GET /shopping_cart_test.php HTTP/1.1" 404 320
::1 - - [28/Apr/2015:01:40:08 -0500] "GET /shopping_cart_test.php HTTP/1.1" 404 320
::1 - - [28/Apr/2015:01:40:17 -0500] "GET / HTTP/1.1" 200 1898
::1 - - [28/Apr/2015:01:40:17 -0500] "GET /index.php?img=gifLogo HTTP/1.1" 200 4282
::1 - - [28/Apr/2015:01:40:17 -0500] "GET /index.php?img=pngPlugin HTTP/1.1" 200 563
::1 - - [28/Apr/2015:01:40:17 -0500] "GET /index.php?img=pngFolder HTTP/1.1" 200 776
::1 - - [28/Apr/2015:01:40:17 -0500] "GET /index.php?img=pngWrench HTTP/1.1" 200 689
::1 - - [28/Apr/2015:01:40:17 -0500] "GET /index.php?img=pngFolderGo HTTP/1.1" 200 717
::1 - - [28/Apr/2015:01:40:40 -0500] "GET /cart/style/style.css HTTP/1.1" 200 1035
::1 - - [28/Apr/2015:01:40:40 -0500] "GET /cart/js/jquery-1.11.2.min.js HTTP/1.1" 200 33282
::1 - - [28/Apr/2015:01:40:41 -0500] "GET /cart/images/cart-icon.png HTTP/1.1" 200 1136
::1 - - [28/Apr/2015:01:40:40 -0500] "GET /cart/shopping_cart_test.php HTTP/1.1" 200 1221795
::1 - - [28/Apr/2015:01:40:45 -0500] "POST /cart/cart_process.php HTTP/1.1" 200 11
::1 - - [28/Apr/2015:01:40:47 -0500] "GET /cart/images/ajax-loader.gif HTTP/1.1" 200 673
::1 - - [28/Apr/2015:01:40:47 -0500] "POST /cart/cart_process.php HTTP/1.1" 200 211
::1 - - [28/Apr/2015:01:40:49 -0500] "GET /cart/view_cart_1.php HTTP/1.1" 200 301
::1 - - [28/Apr/2015:01:41:52 -0500] "GET /cart/style/style.css HTTP/1.1" 200 1035
::1 - - [28/Apr/2015:01:41:52 -0500] "GET /cart/js/jquery-1.11.2.min.js HTTP/1.1" 200 33282
::1 - - [28/Apr/2015:01:41:52 -0500] "GET /cart/images/cart-icon.png HTTP/1.1" 200 1136
::1 - - [28/Apr/2015:01:41:52 -0500] "GET /cart/shopping_cart_test.php HTTP/1.1" 200 1221795
::1 - - [28/Apr/2015:01:42:00 -0500] "GET /cart/images/ajax-loader.gif HTTP/1.1" 200 673
::1 - - [28/Apr/2015:01:42:00 -0500] "POST /cart/cart_process.php HTTP/1.1" 200 211
::1 - - [28/Apr/2015:01:42:04 -0500] "POST /cart/cart_process.php HTTP/1.1" 200 11
::1 - - [28/Apr/2015:01:42:06 -0500] "POST /cart/cart_process.php HTTP/1.1" 200 228
::1 - - [28/Apr/2015:01:42:09 -0500] "GET /cart/view_cart_1.php HTTP/1.1" 200 1213
::1 - - [28/Apr/2015:01:42:09 -0500] "GET /cart/images/view1.png HTTP/1.1" 200 55896
::1 - - [28/Apr/2015:02:11:18 -0500] "GET /cart/style/style.css HTTP/1.1" 200 1035
::1 - - [28/Apr/2015:02:11:18 -0500] "GET /cart/shopping_cart_test.php HTTP/1.1" 200 1221795
::1 - - [28/Apr/2015:02:11:18 -0500] "GET /cart/js/jquery-1.11.2.min.js HTTP/1.1" 200 33282
::1 - - [28/Apr/2015:02:11:19 -0500] "GET /cart/images/cart-icon.png HTTP/1.1" 200 1136
::1 - - [28/Apr/2015:02:11:22 -0500] "POST /cart/cart_process.php HTTP/1.1" 200 11
::1 - - [28/Apr/2015:02:12:23 -0500] "GET /cart/images/ajax-loader.gif HTTP/1.1" 200 673
::1 - - [28/Apr/2015:02:12:23 -0500] "POST /cart/cart_process.php HTTP/1.1" 200 228
::1 - - [28/Apr/2015:02:12:25 -0500] "GET /cart/view_cart_1.php HTTP/1.1" 200 1213
::1 - - [28/Apr/2015:02:12:25 -0500] "GET /cart/images/view1.png HTTP/1.1" 200 55896
::1 - - [28/Apr/2015:02:13:21 -0500] "GET /cart/js/jquery-1.11.2.min.js HTTP/1.1" 200 33282
::1 - - [28/Apr/2015:02:13:21 -0500] "GET /cart/shopping_cart_test.php HTTP/1.1" 200 1221795
::1 - - [28/Apr/2015:02:13:43 -0500] "GET /cart/style/style.css HTTP/1.1" 200 1035
::1 - - [28/Apr/2015:02:13:43 -0500] "GET /cart/js/jquery-1.11.2.min.js HTTP/1.1" 200 33282
::1 - - [28/Apr/2015:02:13:43 -0500] "GET /cart/images/cart-icon.png HTTP/1.1" 200 1136
::1 - - [28/Apr/2015:02:13:43 -0500] "GET /cart/shopping_cart_test.php HTTP/1.1" 200 1221795
::1 - - [28/Apr/2015:02:13:47 -0500] "GET /cart/style/style.css HTTP/1.1" 200 1035
::1 - - [28/Apr/2015:02:13:47 -0500] "GET /cart/js/jquery-1.11.2.min.js HTTP/1.1" 200 33282
::1 - - [28/Apr/2015:02:13:48 -0500] "GET /cart/images/cart-icon.png HTTP/1.1" 304 -
::1 - - [28/Apr/2015:02:13:47 -0500] "GET /cart/shopping_cart_test.php HTTP/1.1" 200 1221795
::1 - - [28/Apr/2015:02:13:48 -0500] "GET /favicon.ico HTTP/1.1" 200 202575
::1 - - [28/Apr/2015:02:13:49 -0500] "GET /cart/style/style.css HTTP/1.1" 200 1035
::1 - - [28/Apr/2015:02:13:49 -0500] "GET /cart/js/jquery-1.11.2.min.js HTTP/1.1" 200 33282
::1 - - [28/Apr/2015:02:13:49 -0500] "GET /cart/images/cart-icon.png HTTP/1.1" 304 -
::1 - - [28/Apr/2015:02:13:49 -0500] "GET /cart/shopping_cart_test.php HTTP/1.1" 200 1221795
::1 - - [28/Apr/2015:02:13:49 -0500] "GET /favicon.ico HTTP/1.1" 200 202575
::1 - - [28/Apr/2015:02:13:51 -0500] "GET /cart/images/ajax-loader.gif HTTP/1.1" 200 673
::1 - - [28/Apr/2015:02:13:51 -0500] "POST /cart/cart_process.php HTTP/1.1" 200 228
::1 - - [28/Apr/2015:02:13:52 -0500] "GET /cart/view_cart_1.php HTTP/1.1" 200 704
::1 - - [28/Apr/2015:02:13:52 -0500] "GET /cart/images/view1.png HTTP/1.1" 200 55896
::1 - - [28/Apr/2015:02:14:20 -0500] "GET /cart/style/style.css HTTP/1.1" 200 1035
::1 - - [28/Apr/2015:02:14:20 -0500] "GET /cart/js/jquery-1.11.2.min.js HTTP/1.1" 200 33282
::1 - - [28/Apr/2015:02:14:20 -0500] "GET /cart/shopping_cart_test.php HTTP/1.1" 200 1221795
::1 - - [28/Apr/2015:02:14:21 -0500] "GET /cart/images/cart-icon.png HTTP/1.1" 200 1136
::1 - - [28/Apr/2015:02:14:45 -0500] "GET /cart/search1_cached.php HTTP/1.1" 200 251
::1 - - [28/Apr/2015:02:15:01 -0500] "POST /cart/search1_cached.php HTTP/1.1" 200 754
::1 - - [28/Apr/2015:02:20:48 -0500] "GET /cart/shopping_cart_test.php HTTP/1.1" 200 1221795
::1 - - [28/Apr/2015:02:20:50 -0500] "POST /cart/cart_process.php HTTP/1.1" 200 228
::1 - - [28/Apr/2015:02:20:52 -0500] "GET /cart/view_cart_1.php HTTP/1.1" 200 704
::1 - - [28/Apr/2015:02:20:59 -0500] "POST /cart/search1_cached.php HTTP/1.1" 200 755
::1 - - [28/Apr/2015:02:20:59 -0500] "GET /favicon.ico HTTP/1.1" 200 202575
::1 - - [28/Apr/2015:02:21:04 -0500] "POST /cart/search1_cached.php HTTP/1.1" 200 755
::1 - - [28/Apr/2015:02:21:04 -0500] "GET /favicon.ico HTTP/1.1" 200 202575
::1 - - [28/Apr/2015:02:21:20 -0500] "GET /cart/search1_cached.php HTTP/1.1" 200 251
::1 - - [28/Apr/2015:02:21:31 -0500] "POST /cart/search1_cached.php HTTP/1.1" 200 756
::1 - - [28/Apr/2015:02:22:33 -0500] "GET /cart/search1.php HTTP/1.1" 200 251
::1 - - [28/Apr/2015:02:22:43 -0500] "POST /cart/search1.php HTTP/1.1" 200 286
::1 - - [28/Apr/2015:02:27:36 -0500] "GET /cart/style/style.css HTTP/1.1" 200 1035
::1 - - [28/Apr/2015:02:27:36 -0500] "GET /cart/js/jquery-1.11.2.min.js HTTP/1.1" 200 33282
::1 - - [28/Apr/2015:02:27:36 -0500] "GET /cart/shopping_cart_test.php HTTP/1.1" 200 1221795
::1 - - [28/Apr/2015:02:27:37 -0500] "GET /cart/images/cart-icon.png HTTP/1.1" 200 1136
::1 - - [28/Apr/2015:02:27:43 -0500] "POST /cart/cart_process.php HTTP/1.1" 200 11
::1 - - [28/Apr/2015:02:27:48 -0500] "GET /cart/images/ajax-loader.gif HTTP/1.1" 200 673
::1 - - [28/Apr/2015:02:27:48 -0500] "POST /cart/cart_process.php HTTP/1.1" 200 242
::1 - - [28/Apr/2015:02:27:50 -0500] "GET /cart/view_cart_1.php HTTP/1.1" 200 714
::1 - - [28/Apr/2015:02:27:50 -0500] "GET /cart/images/view1.png HTTP/1.1" 200 55896
::1 - - [28/Apr/2015:02:28:20 -0500] "GET /cart/search1_cached.php HTTP/1.1" 200 251
::1 - - [28/Apr/2015:02:28:25 -0500] "POST /cart/search1_cached.php HTTP/1.1" 200 757
::1 - - [28/Apr/2015:02:33:18 -0500] "GET /cart/search1_cached.php HTTP/1.1" 200 251
::1 - - [28/Apr/2015:02:33:28 -0500] "POST /cart/search1_cached.php HTTP/1.1" 200 755
::1 - - [28/Apr/2015:02:41:11 -0500] "POST /cart/search1_cached.php HTTP/1.1" 200 759
::1 - - [28/Apr/2015:02:41:11 -0500] "GET /favicon.ico HTTP/1.1" 200 202575
::1 - - [28/Apr/2015:02:41:39 -0500] "GET /cart/search1_cached.php HTTP/1.1" 200 251
::1 - - [28/Apr/2015:02:41:52 -0500] "POST /cart/search1_cached.php HTTP/1.1" 200 756
::1 - - [28/Apr/2015:02:41:54 -0500] "POST /cart/search1_cached.php HTTP/1.1" 200 723
::1 - - [28/Apr/2015:02:41:55 -0500] "POST /cart/search1_cached.php HTTP/1.1" 200 724
::1 - - [28/Apr/2015:02:44:34 -0500] "POST /cart/search1_cached.php HTTP/1.1" 200 722
::1 - - [28/Apr/2015:02:44:34 -0500] "GET /favicon.ico HTTP/1.1" 200 202575
::1 - - [28/Apr/2015:02:44:40 -0500] "POST /cart/search1_cached.php HTTP/1.1" 200 757
::1 - - [28/Apr/2015:02:44:46 -0500] "POST /cart/search1_cached.php HTTP/1.1" 200 758
::1 - - [28/Apr/2015:02:44:46 -0500] "GET /favicon.ico HTTP/1.1" 200 202575
::1 - - [28/Apr/2015:02:45:19 -0500] "POST /cart/search1_cached.php HTTP/1.1" 200 757
::1 - - [28/Apr/2015:02:45:19 -0500] "GET /favicon.ico HTTP/1.1" 200 202575
::1 - - [28/Apr/2015:02:45:26 -0500] "POST /cart/search1_cached.php HTTP/1.1" 200 756
::1 - - [28/Apr/2015:02:45:27 -0500] "POST /cart/search1_cached.php HTTP/1.1" 200 722
::1 - - [28/Apr/2015:02:45:28 -0500] "POST /cart/search1_cached.php HTTP/1.1" 200 723
::1 - - [28/Apr/2015:02:45:29 -0500] "POST /cart/search1_cached.php HTTP/1.1" 200 723
::1 - - [28/Apr/2015:02:45:30 -0500] "POST /cart/search1_cached.php HTTP/1.1" 200 723
::1 - - [28/Apr/2015:02:45:30 -0500] "POST /cart/search1_cached.php HTTP/1.1" 200 723
::1 - - [28/Apr/2015:02:45:31 -0500] "POST /cart/search1_cached.php HTTP/1.1" 200 722
::1 - - [28/Apr/2015:02:45:38 -0500] "POST /cart/search1_cached.php HTTP/1.1" 200 756
::1 - - [28/Apr/2015:02:45:39 -0500] "POST /cart/search1_cached.php HTTP/1.1" 200 723
::1 - - [28/Apr/2015:02:45:40 -0500] "POST /cart/search1_cached.php HTTP/1.1" 200 723
::1 - - [28/Apr/2015:02:45:41 -0500] "POST /cart/search1_cached.php HTTP/1.1" 200 723
::1 - - [28/Apr/2015:02:49:58 -0500] "GET /shopping_cart_test.php HTTP/1.1" 404 320
::1 - - [28/Apr/2015:02:50:07 -0500] "GET /cart/style/style.css HTTP/1.1" 200 1035
::1 - - [28/Apr/2015:02:50:07 -0500] "GET /cart/js/jquery-1.11.2.min.js HTTP/1.1" 200 33282
::1 - - [28/Apr/2015:02:50:06 -0500] "GET /cart/shopping_cart_test.php HTTP/1.1" 200 1221795
::1 - - [28/Apr/2015:02:50:07 -0500] "GET /cart/images/cart-icon.png HTTP/1.1" 200 1136
::1 - - [28/Apr/2015:02:50:12 -0500] "GET /cart/images/ajax-loader.gif HTTP/1.1" 200 673
::1 - - [28/Apr/2015:02:50:12 -0500] "POST /cart/cart_process.php HTTP/1.1" 200 242
::1 - - [28/Apr/2015:02:50:13 -0500] "GET /cart/cart_process.php?remove_code=11 HTTP/1.1" 200 11
::1 - - [28/Apr/2015:02:50:14 -0500] "POST /cart/cart_process.php HTTP/1.1" 200 232
::1 - - [28/Apr/2015:02:50:14 -0500] "GET /cart/cart_process.php?remove_code=12 HTTP/1.1" 200 11
::1 - - [28/Apr/2015:02:50:14 -0500] "POST /cart/cart_process.php HTTP/1.1" 200 213
::1 - - [28/Apr/2015:02:50:16 -0500] "GET /cart/view_cart_1.php HTTP/1.1" 200 686
::1 - - [28/Apr/2015:02:50:16 -0500] "GET /cart/images/view1.png HTTP/1.1" 200 55896
::1 - - [28/Apr/2015:02:50:36 -0500] "GET /cart/search1_cached.php HTTP/1.1" 200 251
::1 - - [28/Apr/2015:02:50:41 -0500] "POST /cart/search1_cached.php HTTP/1.1" 200 758
::1 - - [28/Apr/2015:02:50:47 -0500] "POST /cart/search1_cached.php HTTP/1.1" 200 723
::1 - - [28/Apr/2015:02:50:48 -0500] "POST /cart/search1_cached.php HTTP/1.1" 200 724
::1 - - [28/Apr/2015:02:50:53 -0500] "GET /cart/search1_cached.php HTTP/1.1" 200 251
::1 - - [28/Apr/2015:02:54:49 -0500] "GET /cart/search1_cached.php HTTP/1.1" 200 251
::1 - - [28/Apr/2015:02:54:49 -0500] "GET /favicon.ico HTTP/1.1" 200 202575
::1 - - [28/Apr/2015:02:54:49 -0500] "GET /cart/search1_cached.php HTTP/1.1" 200 251
::1 - - [28/Apr/2015:02:54:49 -0500] "GET /favicon.ico HTTP/1.1" 200 202575
::1 - - [28/Apr/2015:02:54:50 -0500] "GET /cart/search1_cached.php HTTP/1.1" 200 251
::1 - - [28/Apr/2015:02:54:50 -0500] "GET /favicon.ico HTTP/1.1" 200 202575
::1 - - [28/Apr/2015:02:54:55 -0500] "POST /cart/search1_cached.php HTTP/1.1" 200 757
::1 - - [28/Apr/2015:02:55:39 -0500] "GET /cart/search1/php HTTP/1.1" 200 251
::1 - - [28/Apr/2015:02:55:45 -0500] "POST /cart/search1/php HTTP/1.1" 200 302
::1 - - [28/Apr/2015:03:01:03 -0500] "GET /cart/search1_cached.php HTTP/1.1" 200 251
::1 - - [28/Apr/2015:03:01:07 -0500] "POST /cart/search1_cached.php HTTP/1.1" 200 722
::1 - - [28/Apr/2015:03:01:24 -0500] "POST /cart/search1_cached.php HTTP/1.1" 200 721
::1 - - [28/Apr/2015:03:01:24 -0500] "GET /favicon.ico HTTP/1.1" 200 202575
::1 - - [28/Apr/2015:03:06:50 -0500] "POST /cart/search1_cached.php HTTP/1.1" 200 289
::1 - - [28/Apr/2015:03:06:50 -0500] "GET /favicon.ico HTTP/1.1" 200 202575
::1 - - [28/Apr/2015:03:07:12 -0500] "POST /cart/search1_cached.php HTTP/1.1" 200 796
::1 - - [28/Apr/2015:03:07:12 -0500] "GET /favicon.ico HTTP/1.1" 200 202575
::1 - - [28/Apr/2015:03:08:20 -0500] "POST /cart/search1_cached.php HTTP/1.1" 200 796
::1 - - [28/Apr/2015:03:08:20 -0500] "GET /favicon.ico HTTP/1.1" 200 202575
::1 - - [28/Apr/2015:03:09:31 -0500] "POST /cart/search1_cached.php HTTP/1.1" 200 289
::1 - - [28/Apr/2015:03:09:31 -0500] "GET /favicon.ico HTTP/1.1" 200 202575
::1 - - [28/Apr/2015:03:10:25 -0500] "POST /cart/search1_cached.php HTTP/1.1" 200 796
::1 - - [28/Apr/2015:03:10:25 -0500] "GET /favicon.ico HTTP/1.1" 200 202575
::1 - - [28/Apr/2015:03:10:53 -0500] "POST /cart/search1_cached.php HTTP/1.1" 200 290
::1 - - [28/Apr/2015:03:10:53 -0500] "GET /favicon.ico HTTP/1.1" 200 202575
::1 - - [28/Apr/2015:03:12:49 -0500] "POST /cart/search1_cached.php HTTP/1.1" 200 731
::1 - - [28/Apr/2015:03:12:49 -0500] "GET /favicon.ico HTTP/1.1" 200 202575
::1 - - [28/Apr/2015:14:08:08 -0500] "GET / HTTP/1.1" 200 1898
::1 - - [28/Apr/2015:14:08:08 -0500] "GET /index.php?img=gifLogo HTTP/1.1" 200 4282
::1 - - [28/Apr/2015:14:08:08 -0500] "GET /index.php?img=pngFolder HTTP/1.1" 200 776
::1 - - [28/Apr/2015:14:08:08 -0500] "GET /index.php?img=pngWrench HTTP/1.1" 200 689
::1 - - [28/Apr/2015:14:08:08 -0500] "GET /index.php?img=pngFolderGo HTTP/1.1" 200 717
::1 - - [28/Apr/2015:14:08:08 -0500] "GET /index.php?img=pngPlugin HTTP/1.1" 200 563
::1 - - [28/Apr/2015:14:08:16 -0500] "GET /?phpinfo=1 HTTP/1.1" 200 23103
::1 - - [30/Apr/2015:16:55:43 -0500] "GET / HTTP/1.1" 200 1905
::1 - - [30/Apr/2015:16:55:43 -0500] "GET /index.php?img=pngPlugin HTTP/1.1" 200 563
::1 - - [30/Apr/2015:16:55:43 -0500] "GET /index.php?img=pngFolderGo HTTP/1.1" 200 717
::1 - - [30/Apr/2015:16:55:43 -0500] "GET /index.php?img=pngFolder HTTP/1.1" 200 776
::1 - - [30/Apr/2015:16:55:43 -0500] "GET /index.php?img=pngWrench HTTP/1.1" 200 689
::1 - - [30/Apr/2015:16:55:43 -0500] "GET /index.php?img=gifLogo HTTP/1.1" 200 4282
::1 - - [30/Apr/2015:16:55:51 -0500] "GET /login1.php HTTP/1.1" 404 308
::1 - - [30/Apr/2015:16:56:09 -0500] "GET /cart/login1.php HTTP/1.1" 200 2162
::1 - - [30/Apr/2015:16:56:13 -0500] "GET /cart/'%20.%20$helper-%3EgetLoginUrl()%20.%20' HTTP/1.1" 403 340
::1 - - [30/Apr/2015:16:56:30 -0500] "GET /cart/login1.php HTTP/1.1" 200 2161
::1 - - [30/Apr/2015:16:56:59 -0500] "GET /cart/login1.php HTTP/1.1" 200 2160
::1 - - [30/Apr/2015:16:56:59 -0500] "GET /login1.php HTTP/1.1" 404 308
::1 - - [30/Apr/2015:16:59:48 -0500] "GET /cart/rapidOrders_editable.html HTTP/1.1" 200 2422
::1 - - [30/Apr/2015:16:59:48 -0500] "GET /cart/images/fast4.jpg HTTP/1.1" 200 16139
::1 - - [30/Apr/2015:16:59:48 -0500] "GET /cart/images/homeSupplies.jpg HTTP/1.1" 200 13836
::1 - - [30/Apr/2015:16:59:48 -0500] "GET /cart/images/babyCare.jpg HTTP/1.1" 200 3594
::1 - - [30/Apr/2015:16:59:48 -0500] "GET /cart/images/shopping%20cart.jpg HTTP/1.1" 200 68174
::1 - - [30/Apr/2015:16:59:48 -0500] "GET /cart/images/pharmacy2.gif HTTP/1.1" 200 4201
::1 - - [30/Apr/2015:16:59:48 -0500] "GET /cart/images/restaurant.jpg HTTP/1.1" 200 60967
::1 - - [30/Apr/2015:16:59:53 -0500] "GET /cart/search1.php HTTP/1.1" 200 251
::1 - - [30/Apr/2015:17:00:05 -0500] "GET /cart/rapidOrders_editable.html HTTP/1.1" 200 2422
::1 - - [30/Apr/2015:17:17:12 -0500] "GET /cart/login1.php HTTP/1.1" 200 313
::1 - - [30/Apr/2015:17:18:40 -0500] "GET /cart/login1.php HTTP/1.1" 200 2619
::1 - - [30/Apr/2015:17:18:40 -0500] "GET /favicon.ico HTTP/1.1" 200 202575
::1 - - [30/Apr/2015:17:34:59 -0500] "GET /cart/rapidOrders_editable.php HTTP/1.1" 404 327
::1 - - [30/Apr/2015:17:35:14 -0500] "GET /cart/rapidOrders_editable.html HTTP/1.1" 200 2428
::1 - - [30/Apr/2015:17:35:14 -0500] "GET /cart/images/shopping%20cart.jpg HTTP/1.1" 200 68174
::1 - - [30/Apr/2015:17:35:14 -0500] "GET /cart/images/fast4.jpg HTTP/1.1" 200 16139
::1 - - [30/Apr/2015:17:35:14 -0500] "GET /cart/images/restaurant.jpg HTTP/1.1" 200 60967
::1 - - [30/Apr/2015:17:35:14 -0500] "GET /cart/images/pharmacy2.gif HTTP/1.1" 200 4201
::1 - - [30/Apr/2015:17:35:14 -0500] "GET /cart/images/babyCare.jpg HTTP/1.1" 200 3594
::1 - - [30/Apr/2015:17:35:14 -0500] "GET /cart/images/homeSupplies.jpg HTTP/1.1" 200 13836
::1 - - [30/Apr/2015:17:35:18 -0500] "GET /cart/search1_cached.php HTTP/1.1" 200 251
::1 - - [30/Apr/2015:17:35:24 -0500] "GET /cart/rapidOrders_editable.html HTTP/1.1" 200 2428
::1 - - [30/Apr/2015:17:35:40 -0500] "GET /cart/style/style.css HTTP/1.1" 200 1035
::1 - - [30/Apr/2015:17:35:40 -0500] "GET /cart/js/jquery-1.11.2.min.js HTTP/1.1" 200 33282
::1 - - [30/Apr/2015:17:35:40 -0500] "GET /cart/images/cart-icon.png HTTP/1.1" 200 1136
::1 - - [30/Apr/2015:17:35:40 -0500] "GET /cart/shopping_cart_test.php HTTP/1.1" 200 4137656
::1 - - [30/Apr/2015:17:35:43 -0500] "POST /cart/cart_process.php HTTP/1.1" 200 247
::1 - - [30/Apr/2015:17:35:43 -0500] "GET /cart/images/ajax-loader.gif HTTP/1.1" 200 673
::1 - - [30/Apr/2015:17:35:45 -0500] "GET /cart/view_cart_1.php HTTP/1.1" 200 722
::1 - - [30/Apr/2015:17:35:46 -0500] "GET /cart/images/view1.png HTTP/1.1" 200 55896
::1 - - [30/Apr/2015:17:36:01 -0500] "GET /cart/payment.php HTTP/1.1" 200 1016
::1 - - [30/Apr/2015:17:36:04 -0500] "GET /cart/view_cart_1.php HTTP/1.1" 200 722
::1 - - [30/Apr/2015:17:36:21 -0500] "GET /cart/payment.php HTTP/1.1" 200 1016
::1 - - [30/Apr/2015:17:36:21 -0500] "GET /cart/view_cart_1.php HTTP/1.1" 200 722
::1 - - [30/Apr/2015:17:36:22 -0500] "GET /cart/shopping_cart_test.php HTTP/1.1" 200 4137656
::1 - - [30/Apr/2015:17:36:23 -0500] "GET /cart/rapidOrders_editable.html HTTP/1.1" 200 2428
::1 - - [30/Apr/2015:17:36:28 -0500] "GET /cart/search1_cached.php HTTP/1.1" 200 251
::1 - - [30/Apr/2015:17:36:32 -0500] "POST /cart/search1_cached.php HTTP/1.1" 200 317
::1 - - [30/Apr/2015:18:25:32 -0500] "GET /cart/facebook.php HTTP/1.1" 200 228
::1 - - [30/Apr/2015:18:26:32 -0500] "GET /cart/facebook.php HTTP/1.1" 200 228
::1 - - [30/Apr/2015:18:28:52 -0500] "GET /cart/login1.php HTTP/1.1" 200 2166
::1 - - [30/Apr/2015:18:29:09 -0500] "GET /cart/login1.php HTTP/1.1" 200 2169
::1 - - [30/Apr/2015:18:29:25 -0500] "GET /cart/login1.php HTTP/1.1" 200 2169
::1 - - [30/Apr/2015:18:29:38 -0500] "GET /cart/login1.php HTTP/1.1" 200 2169
::1 - - [30/Apr/2015:18:29:44 -0500] "GET /cart/login1.php HTTP/1.1" 200 2169
::1 - - [30/Apr/2015:18:31:44 -0500] "GET /cart/login1.php HTTP/1.1" 200 2619
::1 - - [30/Apr/2015:18:31:44 -0500] "GET /favicon.ico HTTP/1.1" 200 202575
::1 - - [30/Apr/2015:18:35:35 -0500] "GET /cart/login1.php HTTP/1.1" 200 2165
::1 - - [30/Apr/2015:18:35:51 -0500] "GET /cart/login1.php HTTP/1.1" 200 2167
::1 - - [30/Apr/2015:21:10:11 -0500] "GET /cart/rapidOrders_editable.html HTTP/1.1" 200 2428
::1 - - [30/Apr/2015:21:10:11 -0500] "GET /cart/images/shopping%20cart.jpg HTTP/1.1" 200 68174
::1 - - [30/Apr/2015:21:10:11 -0500] "GET /cart/images/babyCare.jpg HTTP/1.1" 200 3594
::1 - - [30/Apr/2015:21:10:11 -0500] "GET /cart/images/homeSupplies.jpg HTTP/1.1" 200 13836
::1 - - [30/Apr/2015:21:10:11 -0500] "GET /cart/images/fast4.jpg HTTP/1.1" 200 16139
::1 - - [30/Apr/2015:21:10:11 -0500] "GET /cart/images/restaurant.jpg HTTP/1.1" 200 60967
::1 - - [30/Apr/2015:21:10:11 -0500] "GET /cart/images/pharmacy2.gif HTTP/1.1" 200 4201
::1 - - [30/Apr/2015:21:10:55 -0500] "GET / HTTP/1.1" 200 1905
::1 - - [30/Apr/2015:21:10:55 -0500] "GET /index.php?img=gifLogo HTTP/1.1" 200 4282
::1 - - [30/Apr/2015:21:10:55 -0500] "GET /index.php?img=pngPlugin HTTP/1.1" 200 563
::1 - - [30/Apr/2015:21:10:55 -0500] "GET /index.php?img=pngFolder HTTP/1.1" 200 776
::1 - - [30/Apr/2015:21:10:55 -0500] "GET /index.php?img=pngWrench HTTP/1.1" 200 689
::1 - - [30/Apr/2015:21:10:55 -0500] "GET /index.php?img=pngFolderGo HTTP/1.1" 200 717
::1 - - [30/Apr/2015:21:10:58 -0500] "GET /cart/rapidOrders_editable.html HTTP/1.1" 200 2428
::1 - - [30/Apr/2015:21:11:06 -0500] "GET /cart/search1_cached.php HTTP/1.1" 200 251
::1 - - [30/Apr/2015:21:11:08 -0500] "GET /cart/rapidOrders_editable.html HTTP/1.1" 200 2428
::1 - - [30/Apr/2015:21:11:14 -0500] "GET /cart/style/style.css HTTP/1.1" 200 1035
::1 - - [30/Apr/2015:21:11:14 -0500] "GET /cart/js/jquery-1.11.2.min.js HTTP/1.1" 200 33282
::1 - - [30/Apr/2015:21:11:14 -0500] "GET /cart/images/cart-icon.png HTTP/1.1" 200 1136
::1 - - [30/Apr/2015:21:11:14 -0500] "GET /cart/shopping_cart_test.php HTTP/1.1" 200 4137656
::1 - - [30/Apr/2015:21:13:48 -0500] "POST /cart/cart_process.php HTTP/1.1" 200 11
::1 - - [30/Apr/2015:21:14:25 -0500] "GET /cart/images/ajax-loader.gif HTTP/1.1" 200 673
::1 - - [30/Apr/2015:21:14:25 -0500] "POST /cart/cart_process.php HTTP/1.1" 200 264
::1 - - [30/Apr/2015:21:14:39 -0500] "GET /cart/view_cart_1.php HTTP/1.1" 200 740
::1 - - [30/Apr/2015:21:14:40 -0500] "GET /cart/images/view1.png HTTP/1.1" 200 55896
::1 - - [30/Apr/2015:21:14:54 -0500] "GET /cart/shopping_cart_test.php HTTP/1.1" 200 4137656
::1 - - [30/Apr/2015:21:15:09 -0500] "POST /cart/cart_process.php HTTP/1.1" 200 11
::1 - - [30/Apr/2015:21:15:11 -0500] "POST /cart/cart_process.php HTTP/1.1" 200 266
::1 - - [30/Apr/2015:21:15:32 -0500] "POST /cart/cart_process.php HTTP/1.1" 200 266
::1 - - [30/Apr/2015:21:15:55 -0500] "GET /cart/view_cart_1.php HTTP/1.1" 200 741
::1 - - [30/Apr/2015:21:16:38 -0500] "GET /cart/payment.php HTTP/1.1" 200 1016
::1 - - [30/Apr/2015:21:16:53 -0500] "GET /cart/view_cart_1.php HTTP/1.1" 200 742
::1 - - [30/Apr/2015:21:16:58 -0500] "GET /cart/view_cart_1.php HTTP/1.1" 200 742
::1 - - [30/Apr/2015:21:24:32 -0500] "GET /cart/rapidOrders_editable.html HTTP/1.1" 200 2428
::1 - - [30/Apr/2015:21:24:32 -0500] "GET /cart/images/shopping%20cart.jpg HTTP/1.1" 200 68174
::1 - - [30/Apr/2015:21:24:32 -0500] "GET /cart/images/fast4.jpg HTTP/1.1" 200 16139
::1 - - [30/Apr/2015:21:24:32 -0500] "GET /cart/images/pharmacy2.gif HTTP/1.1" 200 4201
::1 - - [30/Apr/2015:21:24:32 -0500] "GET /cart/images/restaurant.jpg HTTP/1.1" 200 60967
::1 - - [30/Apr/2015:21:24:32 -0500] "GET /cart/images/homeSupplies.jpg HTTP/1.1" 200 13836
::1 - - [30/Apr/2015:21:24:32 -0500] "GET /cart/images/babyCare.jpg HTTP/1.1" 200 3594
::1 - - [30/Apr/2015:21:24:38 -0500] "GET /cart/style/style.css HTTP/1.1" 200 1035
::1 - - [30/Apr/2015:21:24:38 -0500] "GET /cart/js/jquery-1.11.2.min.js HTTP/1.1" 200 33282
::1 - - [30/Apr/2015:21:24:38 -0500] "GET /cart/images/cart-icon.png HTTP/1.1" 200 1136
::1 - - [30/Apr/2015:21:24:38 -0500] "GET /cart/shopping_cart_test.php HTTP/1.1" 200 4137656
::1 - - [30/Apr/2015:21:24:40 -0500] "GET /cart/images/ajax-loader.gif HTTP/1.1" 200 673
::1 - - [30/Apr/2015:21:24:40 -0500] "POST /cart/cart_process.php HTTP/1.1" 200 264
::1 - - [30/Apr/2015:21:24:42 -0500] "GET /cart/view_cart_1.php HTTP/1.1" 200 738
::1 - - [30/Apr/2015:21:24:42 -0500] "GET /cart/images/view1.png HTTP/1.1" 200 55896
::1 - - [30/Apr/2015:21:24:45 -0500] "GET /cart/payment.php HTTP/1.1" 200 1016
::1 - - [30/Apr/2015:21:24:53 -0500] "GET /cart/view_cart_1.php HTTP/1.1" 200 740
::1 - - [30/Apr/2015:21:24:58 -0500] "GET /cart/shopping_cart_test.php HTTP/1.1" 200 4137656
::1 - - [30/Apr/2015:21:25:30 -0500] "GET /cart/view_cart_1.php HTTP/1.1" 200 739
::1 - - [30/Apr/2015:21:25:31 -0500] "GET /cart/payment.php HTTP/1.1" 200 1016
::1 - - [30/Apr/2015:21:25:32 -0500] "GET /cart/view_cart_1.php HTTP/1.1" 200 740
::1 - - [30/Apr/2015:21:25:35 -0500] "GET /cart/shopping_cart_test.php HTTP/1.1" 200 4137656
::1 - - [30/Apr/2015:21:25:39 -0500] "GET /cart/rapidOrders_editable.html HTTP/1.1" 200 2428
::1 - - [30/Apr/2015:21:29:32 -0500] "GET /cart/login1.php HTTP/1.1" 200 2169
::1 - - [30/Apr/2015:21:29:41 -0500] "GET /cart/login1.php HTTP/1.1" 200 2166
::1 - - [30/Apr/2015:21:29:49 -0500] "GET /cart/login1.php HTTP/1.1" 200 2165
::1 - - [01/May/2015:14:43:06 -0500] "GET /cart/search1_cached.php HTTP/1.1" 200 251
::1 - - [01/May/2015:14:43:12 -0500] "POST /cart/search1_cached.php HTTP/1.1" 200 258
::1 - - [01/May/2015:14:43:17 -0500] "POST /cart/search1_cached.php HTTP/1.1" 200 258
::1 - - [01/May/2015:14:43:22 -0500] "POST /cart/search1_cached.php HTTP/1.1" 200 343
::1 - - [01/May/2015:14:43:47 -0500] "POST /cart/search1_cached.php HTTP/1.1" 200 343
::1 - - [01/May/2015:14:43:53 -0500] "POST /cart/search1_cached.php HTTP/1.1" 200 258
::1 - - [01/May/2015:14:43:57 -0500] "POST /cart/search1_cached.php HTTP/1.1" 200 343
::1 - - [01/May/2015:14:44:04 -0500] "POST /cart/search1_cached.php HTTP/1.1" 200 343
::1 - - [01/May/2015:14:44:12 -0500] "POST /cart/search1_cached.php HTTP/1.1" 200 258
::1 - - [01/May/2015:14:44:16 -0500] "POST /cart/search1_cached.php HTTP/1.1" 200 258
::1 - - [01/May/2015:14:44:19 -0500] "POST /cart/search1_cached.php HTTP/1.1" 200 343
::1 - - [01/May/2015:14:44:30 -0500] "POST /cart/search1_cached.php HTTP/1.1" 200 343
